<?xml version="1.0" encoding="UTF-8"?>
<!-- Generated by org.testng.reporters.JUnitXMLReporter -->
<testsuite hostname="EPRURYAW0080" ignored="0" name="VerifyLoggingAndReportsTest" tests="2" failures="0" timestamp="17 Jul 2018 14:23:09 GMT" time="0.061" errors="0">
  <testcase name="checkPunchesSavedSuccessfullyTest" time="0.007" classname="test.java.someArea.VerifyLoggingAndReportsTest"/>
  <testcase name="checkTrueIsTrueTest" time="0.003" classname="test.java.someArea.VerifyLoggingAndReportsTest"/>
</testsuite> <!-- VerifyLoggingAndReportsTest -->
