<?xml version="1.0" encoding="UTF-8"?>
<!-- Generated by org.testng.reporters.JUnitXMLReporter -->
<testsuite hostname="EPRURYAW0080" ignored="0" name="RectangleTest17" tests="3" failures="0" timestamp="17 Jul 2018 12:52:51 GMT" time="0.005" errors="0">
  <testcase name="rectangleIsQuadrate" time="0.001" classname="com.epam.olga_eremkina.testng.RectangleTest"/>
  <testcase name="rectangleLenght" time="0.001" classname="com.epam.olga_eremkina.testng.RectangleTest"/>
  <testcase name="rectangleSquare" time="0.001" classname="com.epam.olga_eremkina.testng.RectangleTest"/>
</testsuite> <!-- RectangleTest17 -->
