<?xml version="1.0" encoding="UTF-8"?>
<!-- Generated by org.testng.reporters.JUnitXMLReporter -->
<testsuite hostname="EPRURYAW0080" ignored="0" name="Test2" tests="3" failures="0" timestamp="23 May 2018 11:49:02 GMT" time="0.0" errors="0">
  <testcase name="rectangleIsQuadrate" time="0.0" classname="com.epam.olga_eremkina.testng.RectangleTest"/>
  <testcase name="rectangleLenght" time="0.0" classname="com.epam.olga_eremkina.testng.RectangleTest"/>
  <testcase name="rectangleSquare" time="0.0" classname="com.epam.olga_eremkina.testng.RectangleTest"/>
</testsuite> <!-- Test2 -->
