<?xml version="1.0" encoding="UTF-8"?>
<testng-results skipped="0" failed="14" ignored="0" total="100" passed="86">
  <reporter-output>
  </reporter-output>
  <suite name="Suite" duration-ms="731" started-at="2018-07-17T12:52:50Z" finished-at="2018-07-17T12:52:51Z">
    <groups>
    </groups>
    <test name="AllTests" duration-ms="177" started-at="2018-07-17T12:52:50Z" finished-at="2018-07-17T12:52:50Z">
      <class name="com.epam.olga_eremkina.testng.CircleTest">
        <test-method status="PASS" signature="CircleLenght()[pri:0, instance:com.epam.olga_eremkina.testng.CircleTest@4520ebad]" name="CircleLenght" duration-ms="2" started-at="2018-07-17T12:52:50Z" finished-at="2018-07-17T12:52:50Z">
          <reporter-output>
          </reporter-output>
        </test-method> <!-- CircleLenght -->
        <test-method status="PASS" signature="CircleLenght()[pri:0, instance:com.epam.olga_eremkina.testng.CircleTest@4f933fd1]" name="CircleLenght" duration-ms="1" started-at="2018-07-17T12:52:50Z" finished-at="2018-07-17T12:52:50Z">
          <reporter-output>
          </reporter-output>
        </test-method> <!-- CircleLenght -->
        <test-method status="PASS" signature="CircleLenght()[pri:0, instance:com.epam.olga_eremkina.testng.CircleTest@5419f379]" name="CircleLenght" duration-ms="5" started-at="2018-07-17T12:52:50Z" finished-at="2018-07-17T12:52:50Z">
          <reporter-output>
          </reporter-output>
        </test-method> <!-- CircleLenght -->
        <test-method status="PASS" signature="CircleLenght()[pri:0, instance:com.epam.olga_eremkina.testng.CircleTest@58651fd0]" name="CircleLenght" duration-ms="3" started-at="2018-07-17T12:52:50Z" finished-at="2018-07-17T12:52:50Z">
          <reporter-output>
          </reporter-output>
        </test-method> <!-- CircleLenght -->
        <test-method status="PASS" signature="CircleLenght()[pri:0, instance:com.epam.olga_eremkina.testng.CircleTest@62ee68d8]" name="CircleLenght" duration-ms="1" started-at="2018-07-17T12:52:50Z" finished-at="2018-07-17T12:52:50Z">
          <reporter-output>
          </reporter-output>
        </test-method> <!-- CircleLenght -->
        <test-method status="PASS" signature="CircleLenght()[pri:0, instance:com.epam.olga_eremkina.testng.CircleTest@735b5592]" name="CircleLenght" duration-ms="2" started-at="2018-07-17T12:52:50Z" finished-at="2018-07-17T12:52:50Z">
          <reporter-output>
          </reporter-output>
        </test-method> <!-- CircleLenght -->
        <test-method status="PASS" signature="CircleLenght()[pri:0, instance:com.epam.olga_eremkina.testng.CircleTest@7dc7cbad]" name="CircleLenght" duration-ms="0" started-at="2018-07-17T12:52:50Z" finished-at="2018-07-17T12:52:50Z">
          <reporter-output>
          </reporter-output>
        </test-method> <!-- CircleLenght -->
        <test-method status="PASS" signature="CircleLenght()[pri:0, instance:com.epam.olga_eremkina.testng.CircleTest@7f9a81e8]" name="CircleLenght" duration-ms="1" started-at="2018-07-17T12:52:50Z" finished-at="2018-07-17T12:52:50Z">
          <reporter-output>
          </reporter-output>
        </test-method> <!-- CircleLenght -->
        <test-method status="PASS" signature="CircleLenght()[pri:0, instance:com.epam.olga_eremkina.testng.CircleTest@9629756]" name="CircleLenght" duration-ms="1" started-at="2018-07-17T12:52:50Z" finished-at="2018-07-17T12:52:50Z">
          <reporter-output>
          </reporter-output>
        </test-method> <!-- CircleLenght -->
        <test-method status="PASS" signature="CircleLenght()[pri:0, instance:com.epam.olga_eremkina.testng.CircleTest@d2cc05a]" name="CircleLenght" duration-ms="1" started-at="2018-07-17T12:52:50Z" finished-at="2018-07-17T12:52:50Z">
          <reporter-output>
          </reporter-output>
        </test-method> <!-- CircleLenght -->
        <test-method status="PASS" signature="circleSquare()[pri:0, instance:com.epam.olga_eremkina.testng.CircleTest@4520ebad]" name="circleSquare" duration-ms="1" started-at="2018-07-17T12:52:50Z" finished-at="2018-07-17T12:52:50Z">
          <reporter-output>
          </reporter-output>
        </test-method> <!-- circleSquare -->
        <test-method status="PASS" signature="circleSquare()[pri:0, instance:com.epam.olga_eremkina.testng.CircleTest@4f933fd1]" name="circleSquare" duration-ms="1" started-at="2018-07-17T12:52:50Z" finished-at="2018-07-17T12:52:50Z">
          <reporter-output>
          </reporter-output>
        </test-method> <!-- circleSquare -->
        <test-method status="PASS" signature="circleSquare()[pri:0, instance:com.epam.olga_eremkina.testng.CircleTest@5419f379]" name="circleSquare" duration-ms="3" started-at="2018-07-17T12:52:50Z" finished-at="2018-07-17T12:52:50Z">
          <reporter-output>
          </reporter-output>
        </test-method> <!-- circleSquare -->
        <test-method status="PASS" signature="circleSquare()[pri:0, instance:com.epam.olga_eremkina.testng.CircleTest@58651fd0]" name="circleSquare" duration-ms="1" started-at="2018-07-17T12:52:50Z" finished-at="2018-07-17T12:52:50Z">
          <reporter-output>
          </reporter-output>
        </test-method> <!-- circleSquare -->
        <test-method status="PASS" signature="circleSquare()[pri:0, instance:com.epam.olga_eremkina.testng.CircleTest@62ee68d8]" name="circleSquare" duration-ms="1" started-at="2018-07-17T12:52:50Z" finished-at="2018-07-17T12:52:50Z">
          <reporter-output>
          </reporter-output>
        </test-method> <!-- circleSquare -->
        <test-method status="PASS" signature="circleSquare()[pri:0, instance:com.epam.olga_eremkina.testng.CircleTest@735b5592]" name="circleSquare" duration-ms="1" started-at="2018-07-17T12:52:50Z" finished-at="2018-07-17T12:52:50Z">
          <reporter-output>
          </reporter-output>
        </test-method> <!-- circleSquare -->
        <test-method status="PASS" signature="circleSquare()[pri:0, instance:com.epam.olga_eremkina.testng.CircleTest@7dc7cbad]" name="circleSquare" duration-ms="0" started-at="2018-07-17T12:52:50Z" finished-at="2018-07-17T12:52:50Z">
          <reporter-output>
          </reporter-output>
        </test-method> <!-- circleSquare -->
        <test-method status="PASS" signature="circleSquare()[pri:0, instance:com.epam.olga_eremkina.testng.CircleTest@7f9a81e8]" name="circleSquare" duration-ms="0" started-at="2018-07-17T12:52:50Z" finished-at="2018-07-17T12:52:50Z">
          <reporter-output>
          </reporter-output>
        </test-method> <!-- circleSquare -->
        <test-method status="PASS" signature="circleSquare()[pri:0, instance:com.epam.olga_eremkina.testng.CircleTest@9629756]" name="circleSquare" duration-ms="0" started-at="2018-07-17T12:52:50Z" finished-at="2018-07-17T12:52:50Z">
          <reporter-output>
          </reporter-output>
        </test-method> <!-- circleSquare -->
        <test-method status="PASS" signature="circleSquare()[pri:0, instance:com.epam.olga_eremkina.testng.CircleTest@d2cc05a]" name="circleSquare" duration-ms="0" started-at="2018-07-17T12:52:50Z" finished-at="2018-07-17T12:52:50Z">
          <reporter-output>
          </reporter-output>
        </test-method> <!-- circleSquare -->
      </class> <!-- com.epam.olga_eremkina.testng.CircleTest -->
      <class name="com.epam.olga_eremkina.testng.RectangleTest">
        <test-method status="FAIL" signature="rectangleIsQuadrate(int, int, boolean)[pri:-1, instance:com.epam.olga_eremkina.testng.RectangleTest@4501b7af]" name="rectangleIsQuadrate" duration-ms="12" started-at="2018-07-17T12:52:50Z" finished-at="2018-07-17T12:52:50Z">
          <params>
            <param index="0">
              <value>
                <![CDATA[8]]>
              </value>
            </param>
            <param index="1">
              <value>
                <![CDATA[9]]>
              </value>
            </param>
            <param index="2">
              <value>
                <![CDATA[false]]>
              </value>
            </param>
          </params>
          <exception class="java.lang.AssertionError">
            <message>
              <![CDATA[Error! The values aren't the same: expected [true] but found [false]]]>
            </message>
            <full-stacktrace>
              <![CDATA[java.lang.AssertionError: Error! The values aren't the same: expected [true] but found [false]
at org.testng.Assert.fail(Assert.java:96)
at org.testng.Assert.failNotEquals(Assert.java:776)
at org.testng.Assert.assertEqualsImpl(Assert.java:137)
at org.testng.Assert.assertEquals(Assert.java:118)
at org.testng.Assert.assertEquals(Assert.java:568)
at com.epam.olga_eremkina.testng.RectangleTest.rectangleIsQuadrate(RectangleTest.java:55)
at sun.reflect.NativeMethodAccessorImpl.invoke0(Native Method)
at sun.reflect.NativeMethodAccessorImpl.invoke(NativeMethodAccessorImpl.java:62)
at sun.reflect.DelegatingMethodAccessorImpl.invoke(DelegatingMethodAccessorImpl.java:43)
at java.lang.reflect.Method.invoke(Method.java:498)
at org.testng.internal.MethodInvocationHelper.invokeMethod(MethodInvocationHelper.java:124)
at org.testng.internal.Invoker.invokeMethod(Invoker.java:583)
at org.testng.internal.Invoker.invokeTestMethod(Invoker.java:719)
at org.testng.internal.Invoker.invokeTestMethods(Invoker.java:989)
at org.testng.internal.TestMethodWorker.invokeTestMethods(TestMethodWorker.java:125)
at org.testng.internal.TestMethodWorker.run(TestMethodWorker.java:109)
at java.util.concurrent.ThreadPoolExecutor.runWorker(ThreadPoolExecutor.java:1149)
at java.util.concurrent.ThreadPoolExecutor$Worker.run(ThreadPoolExecutor.java:624)
at java.lang.Thread.run(Thread.java:748)
]]>
            </full-stacktrace>
          </exception> <!-- java.lang.AssertionError -->
          <reporter-output>
          </reporter-output>
        </test-method> <!-- rectangleIsQuadrate -->
        <test-method status="PASS" signature="rectangleLenght(int, int)[pri:0, instance:com.epam.olga_eremkina.testng.RectangleTest@4501b7af]" name="rectangleLenght" duration-ms="0" started-at="2018-07-17T12:52:50Z" finished-at="2018-07-17T12:52:50Z">
          <params>
            <param index="0">
              <value>
                <![CDATA[8]]>
              </value>
            </param>
            <param index="1">
              <value>
                <![CDATA[9]]>
              </value>
            </param>
          </params>
          <reporter-output>
          </reporter-output>
        </test-method> <!-- rectangleLenght -->
        <test-method status="PASS" signature="rectangleSquare(int, int)[pri:1, instance:com.epam.olga_eremkina.testng.RectangleTest@4501b7af]" name="rectangleSquare" duration-ms="3" started-at="2018-07-17T12:52:50Z" finished-at="2018-07-17T12:52:50Z">
          <params>
            <param index="0">
              <value>
                <![CDATA[8]]>
              </value>
            </param>
            <param index="1">
              <value>
                <![CDATA[9]]>
              </value>
            </param>
          </params>
          <reporter-output>
          </reporter-output>
        </test-method> <!-- rectangleSquare -->
      </class> <!-- com.epam.olga_eremkina.testng.RectangleTest -->
      <class name="com.epam.olga_eremkina.testng.QuadrateTest">
        <test-method status="FAIL" signature="quadrateLenght(int)[pri:0, instance:com.epam.olga_eremkina.testng.QuadrateTest@523884b2]" name="quadrateLenght" duration-ms="12" started-at="2018-07-17T12:52:50Z" data-provider="dp_one" finished-at="2018-07-17T12:52:50Z">
          <params>
            <param index="0">
              <value>
                <![CDATA[0]]>
              </value>
            </param>
          </params>
          <exception class="org.testng.TestException">
            <message>
              <![CDATA[
Method QuadrateTest.quadrateLenght(int)[pri:0, instance:com.epam.olga_eremkina.testng.QuadrateTest@523884b2] should have thrown an exception of type class java.lang.RuntimeException]]>
            </message>
            <full-stacktrace>
              <![CDATA[org.testng.TestException: 
Method QuadrateTest.quadrateLenght(int)[pri:0, instance:com.epam.olga_eremkina.testng.QuadrateTest@523884b2] should have thrown an exception of type class java.lang.RuntimeException
at org.testng.internal.ExpectedExceptionsHolder.noException(ExpectedExceptionsHolder.java:80)
at org.testng.internal.Invoker.considerExceptions(Invoker.java:1140)
at org.testng.internal.Invoker.invokeMethod(Invoker.java:615)
at org.testng.internal.Invoker.invokeTestMethod(Invoker.java:719)
at org.testng.internal.Invoker.invokeTestMethods(Invoker.java:989)
at org.testng.internal.TestMethodWorker.invokeTestMethods(TestMethodWorker.java:125)
at org.testng.internal.TestMethodWorker.run(TestMethodWorker.java:109)
at java.util.concurrent.ThreadPoolExecutor.runWorker(ThreadPoolExecutor.java:1149)
at java.util.concurrent.ThreadPoolExecutor$Worker.run(ThreadPoolExecutor.java:624)
at java.lang.Thread.run(Thread.java:748)
]]>
            </full-stacktrace>
          </exception> <!-- org.testng.TestException -->
          <reporter-output>
          </reporter-output>
        </test-method> <!-- quadrateLenght -->
        <test-method status="PASS" signature="quadrateLenght(int)[pri:0, instance:com.epam.olga_eremkina.testng.QuadrateTest@523884b2]" name="quadrateLenght" duration-ms="5" started-at="2018-07-17T12:52:50Z" data-provider="dp_one" finished-at="2018-07-17T12:52:50Z">
          <params>
            <param index="0">
              <value>
                <![CDATA[1]]>
              </value>
            </param>
          </params>
          <exception class="java.lang.RuntimeException">
            <message>
              <![CDATA[Error! The values aren't the same!]]>
            </message>
            <full-stacktrace>
              <![CDATA[java.lang.RuntimeException: Error! The values aren't the same!
at com.epam.olga_eremkina.testng.QuadrateTest.quadrateLenght(QuadrateTest.java:38)
at sun.reflect.NativeMethodAccessorImpl.invoke0(Native Method)
at sun.reflect.NativeMethodAccessorImpl.invoke(NativeMethodAccessorImpl.java:62)
at sun.reflect.DelegatingMethodAccessorImpl.invoke(DelegatingMethodAccessorImpl.java:43)
at java.lang.reflect.Method.invoke(Method.java:498)
at org.testng.internal.MethodInvocationHelper.invokeMethod(MethodInvocationHelper.java:124)
at org.testng.internal.Invoker.invokeMethod(Invoker.java:583)
at org.testng.internal.Invoker.invokeTestMethod(Invoker.java:719)
at org.testng.internal.Invoker.invokeTestMethods(Invoker.java:989)
at org.testng.internal.TestMethodWorker.invokeTestMethods(TestMethodWorker.java:125)
at org.testng.internal.TestMethodWorker.run(TestMethodWorker.java:109)
at java.util.concurrent.ThreadPoolExecutor.runWorker(ThreadPoolExecutor.java:1149)
at java.util.concurrent.ThreadPoolExecutor$Worker.run(ThreadPoolExecutor.java:624)
at java.lang.Thread.run(Thread.java:748)
]]>
            </full-stacktrace>
          </exception> <!-- java.lang.RuntimeException -->
          <reporter-output>
          </reporter-output>
        </test-method> <!-- quadrateLenght -->
        <test-method status="PASS" signature="quadrateLenght(int)[pri:0, instance:com.epam.olga_eremkina.testng.QuadrateTest@523884b2]" name="quadrateLenght" duration-ms="1" started-at="2018-07-17T12:52:50Z" data-provider="dp_one" finished-at="2018-07-17T12:52:50Z">
          <params>
            <param index="0">
              <value>
                <![CDATA[2]]>
              </value>
            </param>
          </params>
          <exception class="java.lang.RuntimeException">
            <message>
              <![CDATA[Error! The values aren't the same!]]>
            </message>
            <full-stacktrace>
              <![CDATA[java.lang.RuntimeException: Error! The values aren't the same!
at com.epam.olga_eremkina.testng.QuadrateTest.quadrateLenght(QuadrateTest.java:38)
at sun.reflect.NativeMethodAccessorImpl.invoke0(Native Method)
at sun.reflect.NativeMethodAccessorImpl.invoke(NativeMethodAccessorImpl.java:62)
at sun.reflect.DelegatingMethodAccessorImpl.invoke(DelegatingMethodAccessorImpl.java:43)
at java.lang.reflect.Method.invoke(Method.java:498)
at org.testng.internal.MethodInvocationHelper.invokeMethod(MethodInvocationHelper.java:124)
at org.testng.internal.Invoker.invokeMethod(Invoker.java:583)
at org.testng.internal.Invoker.invokeTestMethod(Invoker.java:719)
at org.testng.internal.Invoker.invokeTestMethods(Invoker.java:989)
at org.testng.internal.TestMethodWorker.invokeTestMethods(TestMethodWorker.java:125)
at org.testng.internal.TestMethodWorker.run(TestMethodWorker.java:109)
at java.util.concurrent.ThreadPoolExecutor.runWorker(ThreadPoolExecutor.java:1149)
at java.util.concurrent.ThreadPoolExecutor$Worker.run(ThreadPoolExecutor.java:624)
at java.lang.Thread.run(Thread.java:748)
]]>
            </full-stacktrace>
          </exception> <!-- java.lang.RuntimeException -->
          <reporter-output>
          </reporter-output>
        </test-method> <!-- quadrateLenght -->
        <test-method status="PASS" signature="quadrateLenght(int)[pri:0, instance:com.epam.olga_eremkina.testng.QuadrateTest@523884b2]" name="quadrateLenght" duration-ms="1" started-at="2018-07-17T12:52:50Z" data-provider="dp_one" finished-at="2018-07-17T12:52:50Z">
          <params>
            <param index="0">
              <value>
                <![CDATA[3]]>
              </value>
            </param>
          </params>
          <exception class="java.lang.RuntimeException">
            <message>
              <![CDATA[Error! The values aren't the same!]]>
            </message>
            <full-stacktrace>
              <![CDATA[java.lang.RuntimeException: Error! The values aren't the same!
at com.epam.olga_eremkina.testng.QuadrateTest.quadrateLenght(QuadrateTest.java:38)
at sun.reflect.NativeMethodAccessorImpl.invoke0(Native Method)
at sun.reflect.NativeMethodAccessorImpl.invoke(NativeMethodAccessorImpl.java:62)
at sun.reflect.DelegatingMethodAccessorImpl.invoke(DelegatingMethodAccessorImpl.java:43)
at java.lang.reflect.Method.invoke(Method.java:498)
at org.testng.internal.MethodInvocationHelper.invokeMethod(MethodInvocationHelper.java:124)
at org.testng.internal.Invoker.invokeMethod(Invoker.java:583)
at org.testng.internal.Invoker.invokeTestMethod(Invoker.java:719)
at org.testng.internal.Invoker.invokeTestMethods(Invoker.java:989)
at org.testng.internal.TestMethodWorker.invokeTestMethods(TestMethodWorker.java:125)
at org.testng.internal.TestMethodWorker.run(TestMethodWorker.java:109)
at java.util.concurrent.ThreadPoolExecutor.runWorker(ThreadPoolExecutor.java:1149)
at java.util.concurrent.ThreadPoolExecutor$Worker.run(ThreadPoolExecutor.java:624)
at java.lang.Thread.run(Thread.java:748)
]]>
            </full-stacktrace>
          </exception> <!-- java.lang.RuntimeException -->
          <reporter-output>
          </reporter-output>
        </test-method> <!-- quadrateLenght -->
        <test-method status="PASS" signature="quadrateLenght(int)[pri:0, instance:com.epam.olga_eremkina.testng.QuadrateTest@523884b2]" name="quadrateLenght" duration-ms="2" started-at="2018-07-17T12:52:50Z" data-provider="dp_one" finished-at="2018-07-17T12:52:50Z">
          <params>
            <param index="0">
              <value>
                <![CDATA[4]]>
              </value>
            </param>
          </params>
          <exception class="java.lang.RuntimeException">
            <message>
              <![CDATA[Error! The values aren't the same!]]>
            </message>
            <full-stacktrace>
              <![CDATA[java.lang.RuntimeException: Error! The values aren't the same!
at com.epam.olga_eremkina.testng.QuadrateTest.quadrateLenght(QuadrateTest.java:38)
at sun.reflect.NativeMethodAccessorImpl.invoke0(Native Method)
at sun.reflect.NativeMethodAccessorImpl.invoke(NativeMethodAccessorImpl.java:62)
at sun.reflect.DelegatingMethodAccessorImpl.invoke(DelegatingMethodAccessorImpl.java:43)
at java.lang.reflect.Method.invoke(Method.java:498)
at org.testng.internal.MethodInvocationHelper.invokeMethod(MethodInvocationHelper.java:124)
at org.testng.internal.Invoker.invokeMethod(Invoker.java:583)
at org.testng.internal.Invoker.invokeTestMethod(Invoker.java:719)
at org.testng.internal.Invoker.invokeTestMethods(Invoker.java:989)
at org.testng.internal.TestMethodWorker.invokeTestMethods(TestMethodWorker.java:125)
at org.testng.internal.TestMethodWorker.run(TestMethodWorker.java:109)
at java.util.concurrent.ThreadPoolExecutor.runWorker(ThreadPoolExecutor.java:1149)
at java.util.concurrent.ThreadPoolExecutor$Worker.run(ThreadPoolExecutor.java:624)
at java.lang.Thread.run(Thread.java:748)
]]>
            </full-stacktrace>
          </exception> <!-- java.lang.RuntimeException -->
          <reporter-output>
          </reporter-output>
        </test-method> <!-- quadrateLenght -->
        <test-method status="PASS" signature="quadrateLenght(int)[pri:0, instance:com.epam.olga_eremkina.testng.QuadrateTest@523884b2]" name="quadrateLenght" duration-ms="1" started-at="2018-07-17T12:52:50Z" data-provider="dp_one" finished-at="2018-07-17T12:52:50Z">
          <params>
            <param index="0">
              <value>
                <![CDATA[5]]>
              </value>
            </param>
          </params>
          <exception class="java.lang.RuntimeException">
            <message>
              <![CDATA[Error! The values aren't the same!]]>
            </message>
            <full-stacktrace>
              <![CDATA[java.lang.RuntimeException: Error! The values aren't the same!
at com.epam.olga_eremkina.testng.QuadrateTest.quadrateLenght(QuadrateTest.java:38)
at sun.reflect.NativeMethodAccessorImpl.invoke0(Native Method)
at sun.reflect.NativeMethodAccessorImpl.invoke(NativeMethodAccessorImpl.java:62)
at sun.reflect.DelegatingMethodAccessorImpl.invoke(DelegatingMethodAccessorImpl.java:43)
at java.lang.reflect.Method.invoke(Method.java:498)
at org.testng.internal.MethodInvocationHelper.invokeMethod(MethodInvocationHelper.java:124)
at org.testng.internal.Invoker.invokeMethod(Invoker.java:583)
at org.testng.internal.Invoker.invokeTestMethod(Invoker.java:719)
at org.testng.internal.Invoker.invokeTestMethods(Invoker.java:989)
at org.testng.internal.TestMethodWorker.invokeTestMethods(TestMethodWorker.java:125)
at org.testng.internal.TestMethodWorker.run(TestMethodWorker.java:109)
at java.util.concurrent.ThreadPoolExecutor.runWorker(ThreadPoolExecutor.java:1149)
at java.util.concurrent.ThreadPoolExecutor$Worker.run(ThreadPoolExecutor.java:624)
at java.lang.Thread.run(Thread.java:748)
]]>
            </full-stacktrace>
          </exception> <!-- java.lang.RuntimeException -->
          <reporter-output>
          </reporter-output>
        </test-method> <!-- quadrateLenght -->
        <test-method status="PASS" signature="quadrateLenght(int)[pri:0, instance:com.epam.olga_eremkina.testng.QuadrateTest@523884b2]" name="quadrateLenght" duration-ms="2" started-at="2018-07-17T12:52:50Z" data-provider="dp_one" finished-at="2018-07-17T12:52:50Z">
          <params>
            <param index="0">
              <value>
                <![CDATA[6]]>
              </value>
            </param>
          </params>
          <exception class="java.lang.RuntimeException">
            <message>
              <![CDATA[Error! The values aren't the same!]]>
            </message>
            <full-stacktrace>
              <![CDATA[java.lang.RuntimeException: Error! The values aren't the same!
at com.epam.olga_eremkina.testng.QuadrateTest.quadrateLenght(QuadrateTest.java:38)
at sun.reflect.NativeMethodAccessorImpl.invoke0(Native Method)
at sun.reflect.NativeMethodAccessorImpl.invoke(NativeMethodAccessorImpl.java:62)
at sun.reflect.DelegatingMethodAccessorImpl.invoke(DelegatingMethodAccessorImpl.java:43)
at java.lang.reflect.Method.invoke(Method.java:498)
at org.testng.internal.MethodInvocationHelper.invokeMethod(MethodInvocationHelper.java:124)
at org.testng.internal.Invoker.invokeMethod(Invoker.java:583)
at org.testng.internal.Invoker.invokeTestMethod(Invoker.java:719)
at org.testng.internal.Invoker.invokeTestMethods(Invoker.java:989)
at org.testng.internal.TestMethodWorker.invokeTestMethods(TestMethodWorker.java:125)
at org.testng.internal.TestMethodWorker.run(TestMethodWorker.java:109)
at java.util.concurrent.ThreadPoolExecutor.runWorker(ThreadPoolExecutor.java:1149)
at java.util.concurrent.ThreadPoolExecutor$Worker.run(ThreadPoolExecutor.java:624)
at java.lang.Thread.run(Thread.java:748)
]]>
            </full-stacktrace>
          </exception> <!-- java.lang.RuntimeException -->
          <reporter-output>
          </reporter-output>
        </test-method> <!-- quadrateLenght -->
        <test-method status="PASS" signature="quadrateLenght(int)[pri:0, instance:com.epam.olga_eremkina.testng.QuadrateTest@523884b2]" name="quadrateLenght" duration-ms="1" started-at="2018-07-17T12:52:50Z" data-provider="dp_one" finished-at="2018-07-17T12:52:50Z">
          <params>
            <param index="0">
              <value>
                <![CDATA[7]]>
              </value>
            </param>
          </params>
          <exception class="java.lang.RuntimeException">
            <message>
              <![CDATA[Error! The values aren't the same!]]>
            </message>
            <full-stacktrace>
              <![CDATA[java.lang.RuntimeException: Error! The values aren't the same!
at com.epam.olga_eremkina.testng.QuadrateTest.quadrateLenght(QuadrateTest.java:38)
at sun.reflect.NativeMethodAccessorImpl.invoke0(Native Method)
at sun.reflect.NativeMethodAccessorImpl.invoke(NativeMethodAccessorImpl.java:62)
at sun.reflect.DelegatingMethodAccessorImpl.invoke(DelegatingMethodAccessorImpl.java:43)
at java.lang.reflect.Method.invoke(Method.java:498)
at org.testng.internal.MethodInvocationHelper.invokeMethod(MethodInvocationHelper.java:124)
at org.testng.internal.Invoker.invokeMethod(Invoker.java:583)
at org.testng.internal.Invoker.invokeTestMethod(Invoker.java:719)
at org.testng.internal.Invoker.invokeTestMethods(Invoker.java:989)
at org.testng.internal.TestMethodWorker.invokeTestMethods(TestMethodWorker.java:125)
at org.testng.internal.TestMethodWorker.run(TestMethodWorker.java:109)
at java.util.concurrent.ThreadPoolExecutor.runWorker(ThreadPoolExecutor.java:1149)
at java.util.concurrent.ThreadPoolExecutor$Worker.run(ThreadPoolExecutor.java:624)
at java.lang.Thread.run(Thread.java:748)
]]>
            </full-stacktrace>
          </exception> <!-- java.lang.RuntimeException -->
          <reporter-output>
          </reporter-output>
        </test-method> <!-- quadrateLenght -->
        <test-method status="PASS" signature="quadrateLenght(int)[pri:0, instance:com.epam.olga_eremkina.testng.QuadrateTest@523884b2]" name="quadrateLenght" duration-ms="1" started-at="2018-07-17T12:52:50Z" data-provider="dp_one" finished-at="2018-07-17T12:52:50Z">
          <params>
            <param index="0">
              <value>
                <![CDATA[8]]>
              </value>
            </param>
          </params>
          <exception class="java.lang.RuntimeException">
            <message>
              <![CDATA[Error! The values aren't the same!]]>
            </message>
            <full-stacktrace>
              <![CDATA[java.lang.RuntimeException: Error! The values aren't the same!
at com.epam.olga_eremkina.testng.QuadrateTest.quadrateLenght(QuadrateTest.java:38)
at sun.reflect.NativeMethodAccessorImpl.invoke0(Native Method)
at sun.reflect.NativeMethodAccessorImpl.invoke(NativeMethodAccessorImpl.java:62)
at sun.reflect.DelegatingMethodAccessorImpl.invoke(DelegatingMethodAccessorImpl.java:43)
at java.lang.reflect.Method.invoke(Method.java:498)
at org.testng.internal.MethodInvocationHelper.invokeMethod(MethodInvocationHelper.java:124)
at org.testng.internal.Invoker.invokeMethod(Invoker.java:583)
at org.testng.internal.Invoker.invokeTestMethod(Invoker.java:719)
at org.testng.internal.Invoker.invokeTestMethods(Invoker.java:989)
at org.testng.internal.TestMethodWorker.invokeTestMethods(TestMethodWorker.java:125)
at org.testng.internal.TestMethodWorker.run(TestMethodWorker.java:109)
at java.util.concurrent.ThreadPoolExecutor.runWorker(ThreadPoolExecutor.java:1149)
at java.util.concurrent.ThreadPoolExecutor$Worker.run(ThreadPoolExecutor.java:624)
at java.lang.Thread.run(Thread.java:748)
]]>
            </full-stacktrace>
          </exception> <!-- java.lang.RuntimeException -->
          <reporter-output>
          </reporter-output>
        </test-method> <!-- quadrateLenght -->
        <test-method status="PASS" signature="quadrateLenght(int)[pri:0, instance:com.epam.olga_eremkina.testng.QuadrateTest@523884b2]" name="quadrateLenght" duration-ms="1" started-at="2018-07-17T12:52:50Z" data-provider="dp_one" finished-at="2018-07-17T12:52:50Z">
          <params>
            <param index="0">
              <value>
                <![CDATA[9]]>
              </value>
            </param>
          </params>
          <exception class="java.lang.RuntimeException">
            <message>
              <![CDATA[Error! The values aren't the same!]]>
            </message>
            <full-stacktrace>
              <![CDATA[java.lang.RuntimeException: Error! The values aren't the same!
at com.epam.olga_eremkina.testng.QuadrateTest.quadrateLenght(QuadrateTest.java:38)
at sun.reflect.NativeMethodAccessorImpl.invoke0(Native Method)
at sun.reflect.NativeMethodAccessorImpl.invoke(NativeMethodAccessorImpl.java:62)
at sun.reflect.DelegatingMethodAccessorImpl.invoke(DelegatingMethodAccessorImpl.java:43)
at java.lang.reflect.Method.invoke(Method.java:498)
at org.testng.internal.MethodInvocationHelper.invokeMethod(MethodInvocationHelper.java:124)
at org.testng.internal.Invoker.invokeMethod(Invoker.java:583)
at org.testng.internal.Invoker.invokeTestMethod(Invoker.java:719)
at org.testng.internal.Invoker.invokeTestMethods(Invoker.java:989)
at org.testng.internal.TestMethodWorker.invokeTestMethods(TestMethodWorker.java:125)
at org.testng.internal.TestMethodWorker.run(TestMethodWorker.java:109)
at java.util.concurrent.ThreadPoolExecutor.runWorker(ThreadPoolExecutor.java:1149)
at java.util.concurrent.ThreadPoolExecutor$Worker.run(ThreadPoolExecutor.java:624)
at java.lang.Thread.run(Thread.java:748)
]]>
            </full-stacktrace>
          </exception> <!-- java.lang.RuntimeException -->
          <reporter-output>
          </reporter-output>
        </test-method> <!-- quadrateLenght -->
        <test-method status="PASS" signature="quadrateSquare(int)[pri:0, instance:com.epam.olga_eremkina.testng.QuadrateTest@523884b2]" name="quadrateSquare" duration-ms="0" started-at="2018-07-17T12:52:50Z" data-provider="dp_one" finished-at="2018-07-17T12:52:50Z">
          <params>
            <param index="0">
              <value>
                <![CDATA[0]]>
              </value>
            </param>
          </params>
          <reporter-output>
          </reporter-output>
        </test-method> <!-- quadrateSquare -->
        <test-method status="PASS" signature="quadrateSquare(int)[pri:0, instance:com.epam.olga_eremkina.testng.QuadrateTest@523884b2]" name="quadrateSquare" duration-ms="1" started-at="2018-07-17T12:52:50Z" data-provider="dp_one" finished-at="2018-07-17T12:52:50Z">
          <params>
            <param index="0">
              <value>
                <![CDATA[1]]>
              </value>
            </param>
          </params>
          <reporter-output>
          </reporter-output>
        </test-method> <!-- quadrateSquare -->
        <test-method status="PASS" signature="quadrateSquare(int)[pri:0, instance:com.epam.olga_eremkina.testng.QuadrateTest@523884b2]" name="quadrateSquare" duration-ms="1" started-at="2018-07-17T12:52:50Z" data-provider="dp_one" finished-at="2018-07-17T12:52:50Z">
          <params>
            <param index="0">
              <value>
                <![CDATA[2]]>
              </value>
            </param>
          </params>
          <reporter-output>
          </reporter-output>
        </test-method> <!-- quadrateSquare -->
        <test-method status="PASS" signature="quadrateSquare(int)[pri:0, instance:com.epam.olga_eremkina.testng.QuadrateTest@523884b2]" name="quadrateSquare" duration-ms="0" started-at="2018-07-17T12:52:50Z" data-provider="dp_one" finished-at="2018-07-17T12:52:50Z">
          <params>
            <param index="0">
              <value>
                <![CDATA[3]]>
              </value>
            </param>
          </params>
          <reporter-output>
          </reporter-output>
        </test-method> <!-- quadrateSquare -->
        <test-method status="PASS" signature="quadrateSquare(int)[pri:0, instance:com.epam.olga_eremkina.testng.QuadrateTest@523884b2]" name="quadrateSquare" duration-ms="0" started-at="2018-07-17T12:52:50Z" data-provider="dp_one" finished-at="2018-07-17T12:52:50Z">
          <params>
            <param index="0">
              <value>
                <![CDATA[4]]>
              </value>
            </param>
          </params>
          <reporter-output>
          </reporter-output>
        </test-method> <!-- quadrateSquare -->
        <test-method status="PASS" signature="quadrateSquare(int)[pri:0, instance:com.epam.olga_eremkina.testng.QuadrateTest@523884b2]" name="quadrateSquare" duration-ms="1" started-at="2018-07-17T12:52:50Z" data-provider="dp_one" finished-at="2018-07-17T12:52:50Z">
          <params>
            <param index="0">
              <value>
                <![CDATA[5]]>
              </value>
            </param>
          </params>
          <reporter-output>
          </reporter-output>
        </test-method> <!-- quadrateSquare -->
        <test-method status="PASS" signature="quadrateSquare(int)[pri:0, instance:com.epam.olga_eremkina.testng.QuadrateTest@523884b2]" name="quadrateSquare" duration-ms="1" started-at="2018-07-17T12:52:50Z" data-provider="dp_one" finished-at="2018-07-17T12:52:50Z">
          <params>
            <param index="0">
              <value>
                <![CDATA[6]]>
              </value>
            </param>
          </params>
          <reporter-output>
          </reporter-output>
        </test-method> <!-- quadrateSquare -->
        <test-method status="PASS" signature="quadrateSquare(int)[pri:0, instance:com.epam.olga_eremkina.testng.QuadrateTest@523884b2]" name="quadrateSquare" duration-ms="2" started-at="2018-07-17T12:52:50Z" data-provider="dp_one" finished-at="2018-07-17T12:52:50Z">
          <params>
            <param index="0">
              <value>
                <![CDATA[7]]>
              </value>
            </param>
          </params>
          <reporter-output>
          </reporter-output>
        </test-method> <!-- quadrateSquare -->
        <test-method status="PASS" signature="quadrateSquare(int)[pri:0, instance:com.epam.olga_eremkina.testng.QuadrateTest@523884b2]" name="quadrateSquare" duration-ms="0" started-at="2018-07-17T12:52:50Z" data-provider="dp_one" finished-at="2018-07-17T12:52:50Z">
          <params>
            <param index="0">
              <value>
                <![CDATA[8]]>
              </value>
            </param>
          </params>
          <reporter-output>
          </reporter-output>
        </test-method> <!-- quadrateSquare -->
        <test-method status="PASS" signature="quadrateSquare(int)[pri:0, instance:com.epam.olga_eremkina.testng.QuadrateTest@523884b2]" name="quadrateSquare" duration-ms="0" started-at="2018-07-17T12:52:50Z" data-provider="dp_one" finished-at="2018-07-17T12:52:50Z">
          <params>
            <param index="0">
              <value>
                <![CDATA[9]]>
              </value>
            </param>
          </params>
          <reporter-output>
          </reporter-output>
        </test-method> <!-- quadrateSquare -->
      </class> <!-- com.epam.olga_eremkina.testng.QuadrateTest -->
    </test> <!-- AllTests -->
    <test name="RectangleTest1" duration-ms="21" started-at="2018-07-17T12:52:50Z" finished-at="2018-07-17T12:52:50Z">
      <class name="com.epam.olga_eremkina.testng.RectangleTest">
        <test-method status="FAIL" signature="rectangleIsQuadrate(int, int, boolean)[pri:-1, instance:com.epam.olga_eremkina.testng.RectangleTest@77cd7a0]" name="rectangleIsQuadrate" duration-ms="1" started-at="2018-07-17T12:52:50Z" finished-at="2018-07-17T12:52:50Z">
          <params>
            <param index="0">
              <value>
                <![CDATA[4]]>
              </value>
            </param>
            <param index="1">
              <value>
                <![CDATA[6]]>
              </value>
            </param>
            <param index="2">
              <value>
                <![CDATA[false]]>
              </value>
            </param>
          </params>
          <exception class="java.lang.AssertionError">
            <message>
              <![CDATA[Error! The values aren't the same: expected [true] but found [false]]]>
            </message>
            <full-stacktrace>
              <![CDATA[java.lang.AssertionError: Error! The values aren't the same: expected [true] but found [false]
at org.testng.Assert.fail(Assert.java:96)
at org.testng.Assert.failNotEquals(Assert.java:776)
at org.testng.Assert.assertEqualsImpl(Assert.java:137)
at org.testng.Assert.assertEquals(Assert.java:118)
at org.testng.Assert.assertEquals(Assert.java:568)
at com.epam.olga_eremkina.testng.RectangleTest.rectangleIsQuadrate(RectangleTest.java:55)
at sun.reflect.NativeMethodAccessorImpl.invoke0(Native Method)
at sun.reflect.NativeMethodAccessorImpl.invoke(NativeMethodAccessorImpl.java:62)
at sun.reflect.DelegatingMethodAccessorImpl.invoke(DelegatingMethodAccessorImpl.java:43)
at java.lang.reflect.Method.invoke(Method.java:498)
at org.testng.internal.MethodInvocationHelper.invokeMethod(MethodInvocationHelper.java:124)
at org.testng.internal.Invoker.invokeMethod(Invoker.java:583)
at org.testng.internal.Invoker.invokeTestMethod(Invoker.java:719)
at org.testng.internal.Invoker.invokeTestMethods(Invoker.java:989)
at org.testng.internal.TestMethodWorker.invokeTestMethods(TestMethodWorker.java:125)
at org.testng.internal.TestMethodWorker.run(TestMethodWorker.java:109)
at java.util.concurrent.ThreadPoolExecutor.runWorker(ThreadPoolExecutor.java:1149)
at java.util.concurrent.ThreadPoolExecutor$Worker.run(ThreadPoolExecutor.java:624)
at java.lang.Thread.run(Thread.java:748)
]]>
            </full-stacktrace>
          </exception> <!-- java.lang.AssertionError -->
          <reporter-output>
          </reporter-output>
        </test-method> <!-- rectangleIsQuadrate -->
        <test-method status="PASS" signature="rectangleLenght(int, int)[pri:0, instance:com.epam.olga_eremkina.testng.RectangleTest@77cd7a0]" name="rectangleLenght" duration-ms="1" started-at="2018-07-17T12:52:50Z" finished-at="2018-07-17T12:52:50Z">
          <params>
            <param index="0">
              <value>
                <![CDATA[4]]>
              </value>
            </param>
            <param index="1">
              <value>
                <![CDATA[6]]>
              </value>
            </param>
          </params>
          <reporter-output>
          </reporter-output>
        </test-method> <!-- rectangleLenght -->
        <test-method status="PASS" signature="rectangleSquare(int, int)[pri:1, instance:com.epam.olga_eremkina.testng.RectangleTest@77cd7a0]" name="rectangleSquare" duration-ms="2" started-at="2018-07-17T12:52:50Z" finished-at="2018-07-17T12:52:50Z">
          <params>
            <param index="0">
              <value>
                <![CDATA[4]]>
              </value>
            </param>
            <param index="1">
              <value>
                <![CDATA[6]]>
              </value>
            </param>
          </params>
          <reporter-output>
          </reporter-output>
        </test-method> <!-- rectangleSquare -->
      </class> <!-- com.epam.olga_eremkina.testng.RectangleTest -->
    </test> <!-- RectangleTest1 -->
    <test name="RectangleTest2" duration-ms="6" started-at="2018-07-17T12:52:50Z" finished-at="2018-07-17T12:52:50Z">
      <class name="com.epam.olga_eremkina.testng.RectangleTest">
        <test-method status="PASS" signature="rectangleIsQuadrate(int, int, boolean)[pri:-1, instance:com.epam.olga_eremkina.testng.RectangleTest@464bee09]" name="rectangleIsQuadrate" duration-ms="1" started-at="2018-07-17T12:52:50Z" finished-at="2018-07-17T12:52:50Z">
          <params>
            <param index="0">
              <value>
                <![CDATA[0]]>
              </value>
            </param>
            <param index="1">
              <value>
                <![CDATA[0]]>
              </value>
            </param>
            <param index="2">
              <value>
                <![CDATA[true]]>
              </value>
            </param>
          </params>
          <reporter-output>
          </reporter-output>
        </test-method> <!-- rectangleIsQuadrate -->
        <test-method status="PASS" signature="rectangleLenght(int, int)[pri:0, instance:com.epam.olga_eremkina.testng.RectangleTest@464bee09]" name="rectangleLenght" duration-ms="1" started-at="2018-07-17T12:52:50Z" finished-at="2018-07-17T12:52:50Z">
          <params>
            <param index="0">
              <value>
                <![CDATA[0]]>
              </value>
            </param>
            <param index="1">
              <value>
                <![CDATA[0]]>
              </value>
            </param>
          </params>
          <reporter-output>
          </reporter-output>
        </test-method> <!-- rectangleLenght -->
        <test-method status="PASS" signature="rectangleSquare(int, int)[pri:1, instance:com.epam.olga_eremkina.testng.RectangleTest@464bee09]" name="rectangleSquare" duration-ms="1" started-at="2018-07-17T12:52:50Z" finished-at="2018-07-17T12:52:50Z">
          <params>
            <param index="0">
              <value>
                <![CDATA[0]]>
              </value>
            </param>
            <param index="1">
              <value>
                <![CDATA[0]]>
              </value>
            </param>
          </params>
          <reporter-output>
          </reporter-output>
        </test-method> <!-- rectangleSquare -->
      </class> <!-- com.epam.olga_eremkina.testng.RectangleTest -->
    </test> <!-- RectangleTest2 -->
    <test name="RectangleTest3" duration-ms="7" started-at="2018-07-17T12:52:50Z" finished-at="2018-07-17T12:52:50Z">
      <class name="com.epam.olga_eremkina.testng.RectangleTest">
        <test-method status="FAIL" signature="rectangleIsQuadrate(int, int, boolean)[pri:-1, instance:com.epam.olga_eremkina.testng.RectangleTest@598067a5]" name="rectangleIsQuadrate" duration-ms="0" started-at="2018-07-17T12:52:50Z" finished-at="2018-07-17T12:52:50Z">
          <params>
            <param index="0">
              <value>
                <![CDATA[1]]>
              </value>
            </param>
            <param index="1">
              <value>
                <![CDATA[2]]>
              </value>
            </param>
            <param index="2">
              <value>
                <![CDATA[false]]>
              </value>
            </param>
          </params>
          <exception class="java.lang.AssertionError">
            <message>
              <![CDATA[Error! The values aren't the same: expected [true] but found [false]]]>
            </message>
            <full-stacktrace>
              <![CDATA[java.lang.AssertionError: Error! The values aren't the same: expected [true] but found [false]
at org.testng.Assert.fail(Assert.java:96)
at org.testng.Assert.failNotEquals(Assert.java:776)
at org.testng.Assert.assertEqualsImpl(Assert.java:137)
at org.testng.Assert.assertEquals(Assert.java:118)
at org.testng.Assert.assertEquals(Assert.java:568)
at com.epam.olga_eremkina.testng.RectangleTest.rectangleIsQuadrate(RectangleTest.java:55)
at sun.reflect.NativeMethodAccessorImpl.invoke0(Native Method)
at sun.reflect.NativeMethodAccessorImpl.invoke(NativeMethodAccessorImpl.java:62)
at sun.reflect.DelegatingMethodAccessorImpl.invoke(DelegatingMethodAccessorImpl.java:43)
at java.lang.reflect.Method.invoke(Method.java:498)
at org.testng.internal.MethodInvocationHelper.invokeMethod(MethodInvocationHelper.java:124)
at org.testng.internal.Invoker.invokeMethod(Invoker.java:583)
at org.testng.internal.Invoker.invokeTestMethod(Invoker.java:719)
at org.testng.internal.Invoker.invokeTestMethods(Invoker.java:989)
at org.testng.internal.TestMethodWorker.invokeTestMethods(TestMethodWorker.java:125)
at org.testng.internal.TestMethodWorker.run(TestMethodWorker.java:109)
at java.util.concurrent.ThreadPoolExecutor.runWorker(ThreadPoolExecutor.java:1149)
at java.util.concurrent.ThreadPoolExecutor$Worker.run(ThreadPoolExecutor.java:624)
at java.lang.Thread.run(Thread.java:748)
]]>
            </full-stacktrace>
          </exception> <!-- java.lang.AssertionError -->
          <reporter-output>
          </reporter-output>
        </test-method> <!-- rectangleIsQuadrate -->
        <test-method status="PASS" signature="rectangleLenght(int, int)[pri:0, instance:com.epam.olga_eremkina.testng.RectangleTest@598067a5]" name="rectangleLenght" duration-ms="1" started-at="2018-07-17T12:52:50Z" finished-at="2018-07-17T12:52:50Z">
          <params>
            <param index="0">
              <value>
                <![CDATA[1]]>
              </value>
            </param>
            <param index="1">
              <value>
                <![CDATA[2]]>
              </value>
            </param>
          </params>
          <reporter-output>
          </reporter-output>
        </test-method> <!-- rectangleLenght -->
        <test-method status="PASS" signature="rectangleSquare(int, int)[pri:1, instance:com.epam.olga_eremkina.testng.RectangleTest@598067a5]" name="rectangleSquare" duration-ms="1" started-at="2018-07-17T12:52:50Z" finished-at="2018-07-17T12:52:50Z">
          <params>
            <param index="0">
              <value>
                <![CDATA[1]]>
              </value>
            </param>
            <param index="1">
              <value>
                <![CDATA[2]]>
              </value>
            </param>
          </params>
          <reporter-output>
          </reporter-output>
        </test-method> <!-- rectangleSquare -->
      </class> <!-- com.epam.olga_eremkina.testng.RectangleTest -->
    </test> <!-- RectangleTest3 -->
    <test name="RectangleTest4" duration-ms="5" started-at="2018-07-17T12:52:50Z" finished-at="2018-07-17T12:52:50Z">
      <class name="com.epam.olga_eremkina.testng.RectangleTest">
        <test-method status="FAIL" signature="rectangleIsQuadrate(int, int, boolean)[pri:-1, instance:com.epam.olga_eremkina.testng.RectangleTest@589838eb]" name="rectangleIsQuadrate" duration-ms="0" started-at="2018-07-17T12:52:50Z" finished-at="2018-07-17T12:52:50Z">
          <params>
            <param index="0">
              <value>
                <![CDATA[2]]>
              </value>
            </param>
            <param index="1">
              <value>
                <![CDATA[3]]>
              </value>
            </param>
            <param index="2">
              <value>
                <![CDATA[false]]>
              </value>
            </param>
          </params>
          <exception class="java.lang.AssertionError">
            <message>
              <![CDATA[Error! The values aren't the same: expected [true] but found [false]]]>
            </message>
            <full-stacktrace>
              <![CDATA[java.lang.AssertionError: Error! The values aren't the same: expected [true] but found [false]
at org.testng.Assert.fail(Assert.java:96)
at org.testng.Assert.failNotEquals(Assert.java:776)
at org.testng.Assert.assertEqualsImpl(Assert.java:137)
at org.testng.Assert.assertEquals(Assert.java:118)
at org.testng.Assert.assertEquals(Assert.java:568)
at com.epam.olga_eremkina.testng.RectangleTest.rectangleIsQuadrate(RectangleTest.java:55)
at sun.reflect.NativeMethodAccessorImpl.invoke0(Native Method)
at sun.reflect.NativeMethodAccessorImpl.invoke(NativeMethodAccessorImpl.java:62)
at sun.reflect.DelegatingMethodAccessorImpl.invoke(DelegatingMethodAccessorImpl.java:43)
at java.lang.reflect.Method.invoke(Method.java:498)
at org.testng.internal.MethodInvocationHelper.invokeMethod(MethodInvocationHelper.java:124)
at org.testng.internal.Invoker.invokeMethod(Invoker.java:583)
at org.testng.internal.Invoker.invokeTestMethod(Invoker.java:719)
at org.testng.internal.Invoker.invokeTestMethods(Invoker.java:989)
at org.testng.internal.TestMethodWorker.invokeTestMethods(TestMethodWorker.java:125)
at org.testng.internal.TestMethodWorker.run(TestMethodWorker.java:109)
at java.util.concurrent.ThreadPoolExecutor.runWorker(ThreadPoolExecutor.java:1149)
at java.util.concurrent.ThreadPoolExecutor$Worker.run(ThreadPoolExecutor.java:624)
at java.lang.Thread.run(Thread.java:748)
]]>
            </full-stacktrace>
          </exception> <!-- java.lang.AssertionError -->
          <reporter-output>
          </reporter-output>
        </test-method> <!-- rectangleIsQuadrate -->
        <test-method status="PASS" signature="rectangleLenght(int, int)[pri:0, instance:com.epam.olga_eremkina.testng.RectangleTest@589838eb]" name="rectangleLenght" duration-ms="1" started-at="2018-07-17T12:52:50Z" finished-at="2018-07-17T12:52:50Z">
          <params>
            <param index="0">
              <value>
                <![CDATA[2]]>
              </value>
            </param>
            <param index="1">
              <value>
                <![CDATA[3]]>
              </value>
            </param>
          </params>
          <reporter-output>
          </reporter-output>
        </test-method> <!-- rectangleLenght -->
        <test-method status="PASS" signature="rectangleSquare(int, int)[pri:1, instance:com.epam.olga_eremkina.testng.RectangleTest@589838eb]" name="rectangleSquare" duration-ms="1" started-at="2018-07-17T12:52:50Z" finished-at="2018-07-17T12:52:50Z">
          <params>
            <param index="0">
              <value>
                <![CDATA[2]]>
              </value>
            </param>
            <param index="1">
              <value>
                <![CDATA[3]]>
              </value>
            </param>
          </params>
          <reporter-output>
          </reporter-output>
        </test-method> <!-- rectangleSquare -->
      </class> <!-- com.epam.olga_eremkina.testng.RectangleTest -->
    </test> <!-- RectangleTest4 -->
    <test name="RectangleTest5" duration-ms="7" started-at="2018-07-17T12:52:50Z" finished-at="2018-07-17T12:52:50Z">
      <class name="com.epam.olga_eremkina.testng.RectangleTest">
        <test-method status="FAIL" signature="rectangleIsQuadrate(int, int, boolean)[pri:-1, instance:com.epam.olga_eremkina.testng.RectangleTest@3fee9989]" name="rectangleIsQuadrate" duration-ms="0" started-at="2018-07-17T12:52:50Z" finished-at="2018-07-17T12:52:50Z">
          <params>
            <param index="0">
              <value>
                <![CDATA[3]]>
              </value>
            </param>
            <param index="1">
              <value>
                <![CDATA[4]]>
              </value>
            </param>
            <param index="2">
              <value>
                <![CDATA[false]]>
              </value>
            </param>
          </params>
          <exception class="java.lang.AssertionError">
            <message>
              <![CDATA[Error! The values aren't the same: expected [true] but found [false]]]>
            </message>
            <full-stacktrace>
              <![CDATA[java.lang.AssertionError: Error! The values aren't the same: expected [true] but found [false]
at org.testng.Assert.fail(Assert.java:96)
at org.testng.Assert.failNotEquals(Assert.java:776)
at org.testng.Assert.assertEqualsImpl(Assert.java:137)
at org.testng.Assert.assertEquals(Assert.java:118)
at org.testng.Assert.assertEquals(Assert.java:568)
at com.epam.olga_eremkina.testng.RectangleTest.rectangleIsQuadrate(RectangleTest.java:55)
at sun.reflect.NativeMethodAccessorImpl.invoke0(Native Method)
at sun.reflect.NativeMethodAccessorImpl.invoke(NativeMethodAccessorImpl.java:62)
at sun.reflect.DelegatingMethodAccessorImpl.invoke(DelegatingMethodAccessorImpl.java:43)
at java.lang.reflect.Method.invoke(Method.java:498)
at org.testng.internal.MethodInvocationHelper.invokeMethod(MethodInvocationHelper.java:124)
at org.testng.internal.Invoker.invokeMethod(Invoker.java:583)
at org.testng.internal.Invoker.invokeTestMethod(Invoker.java:719)
at org.testng.internal.Invoker.invokeTestMethods(Invoker.java:989)
at org.testng.internal.TestMethodWorker.invokeTestMethods(TestMethodWorker.java:125)
at org.testng.internal.TestMethodWorker.run(TestMethodWorker.java:109)
at java.util.concurrent.ThreadPoolExecutor.runWorker(ThreadPoolExecutor.java:1149)
at java.util.concurrent.ThreadPoolExecutor$Worker.run(ThreadPoolExecutor.java:624)
at java.lang.Thread.run(Thread.java:748)
]]>
            </full-stacktrace>
          </exception> <!-- java.lang.AssertionError -->
          <reporter-output>
          </reporter-output>
        </test-method> <!-- rectangleIsQuadrate -->
        <test-method status="PASS" signature="rectangleLenght(int, int)[pri:0, instance:com.epam.olga_eremkina.testng.RectangleTest@3fee9989]" name="rectangleLenght" duration-ms="0" started-at="2018-07-17T12:52:50Z" finished-at="2018-07-17T12:52:50Z">
          <params>
            <param index="0">
              <value>
                <![CDATA[3]]>
              </value>
            </param>
            <param index="1">
              <value>
                <![CDATA[4]]>
              </value>
            </param>
          </params>
          <reporter-output>
          </reporter-output>
        </test-method> <!-- rectangleLenght -->
        <test-method status="PASS" signature="rectangleSquare(int, int)[pri:1, instance:com.epam.olga_eremkina.testng.RectangleTest@3fee9989]" name="rectangleSquare" duration-ms="2" started-at="2018-07-17T12:52:50Z" finished-at="2018-07-17T12:52:50Z">
          <params>
            <param index="0">
              <value>
                <![CDATA[3]]>
              </value>
            </param>
            <param index="1">
              <value>
                <![CDATA[4]]>
              </value>
            </param>
          </params>
          <reporter-output>
          </reporter-output>
        </test-method> <!-- rectangleSquare -->
      </class> <!-- com.epam.olga_eremkina.testng.RectangleTest -->
    </test> <!-- RectangleTest5 -->
    <test name="RectangleTest6" duration-ms="6" started-at="2018-07-17T12:52:50Z" finished-at="2018-07-17T12:52:50Z">
      <class name="com.epam.olga_eremkina.testng.RectangleTest">
        <test-method status="FAIL" signature="rectangleIsQuadrate(int, int, boolean)[pri:-1, instance:com.epam.olga_eremkina.testng.RectangleTest@e45f292]" name="rectangleIsQuadrate" duration-ms="1" started-at="2018-07-17T12:52:50Z" finished-at="2018-07-17T12:52:50Z">
          <params>
            <param index="0">
              <value>
                <![CDATA[5]]>
              </value>
            </param>
            <param index="1">
              <value>
                <![CDATA[8]]>
              </value>
            </param>
            <param index="2">
              <value>
                <![CDATA[false]]>
              </value>
            </param>
          </params>
          <exception class="java.lang.AssertionError">
            <message>
              <![CDATA[Error! The values aren't the same: expected [true] but found [false]]]>
            </message>
            <full-stacktrace>
              <![CDATA[java.lang.AssertionError: Error! The values aren't the same: expected [true] but found [false]
at org.testng.Assert.fail(Assert.java:96)
at org.testng.Assert.failNotEquals(Assert.java:776)
at org.testng.Assert.assertEqualsImpl(Assert.java:137)
at org.testng.Assert.assertEquals(Assert.java:118)
at org.testng.Assert.assertEquals(Assert.java:568)
at com.epam.olga_eremkina.testng.RectangleTest.rectangleIsQuadrate(RectangleTest.java:55)
at sun.reflect.NativeMethodAccessorImpl.invoke0(Native Method)
at sun.reflect.NativeMethodAccessorImpl.invoke(NativeMethodAccessorImpl.java:62)
at sun.reflect.DelegatingMethodAccessorImpl.invoke(DelegatingMethodAccessorImpl.java:43)
at java.lang.reflect.Method.invoke(Method.java:498)
at org.testng.internal.MethodInvocationHelper.invokeMethod(MethodInvocationHelper.java:124)
at org.testng.internal.Invoker.invokeMethod(Invoker.java:583)
at org.testng.internal.Invoker.invokeTestMethod(Invoker.java:719)
at org.testng.internal.Invoker.invokeTestMethods(Invoker.java:989)
at org.testng.internal.TestMethodWorker.invokeTestMethods(TestMethodWorker.java:125)
at org.testng.internal.TestMethodWorker.run(TestMethodWorker.java:109)
at java.util.concurrent.ThreadPoolExecutor.runWorker(ThreadPoolExecutor.java:1149)
at java.util.concurrent.ThreadPoolExecutor$Worker.run(ThreadPoolExecutor.java:624)
at java.lang.Thread.run(Thread.java:748)
]]>
            </full-stacktrace>
          </exception> <!-- java.lang.AssertionError -->
          <reporter-output>
          </reporter-output>
        </test-method> <!-- rectangleIsQuadrate -->
        <test-method status="PASS" signature="rectangleLenght(int, int)[pri:0, instance:com.epam.olga_eremkina.testng.RectangleTest@e45f292]" name="rectangleLenght" duration-ms="1" started-at="2018-07-17T12:52:50Z" finished-at="2018-07-17T12:52:50Z">
          <params>
            <param index="0">
              <value>
                <![CDATA[5]]>
              </value>
            </param>
            <param index="1">
              <value>
                <![CDATA[8]]>
              </value>
            </param>
          </params>
          <reporter-output>
          </reporter-output>
        </test-method> <!-- rectangleLenght -->
        <test-method status="PASS" signature="rectangleSquare(int, int)[pri:1, instance:com.epam.olga_eremkina.testng.RectangleTest@e45f292]" name="rectangleSquare" duration-ms="1" started-at="2018-07-17T12:52:50Z" finished-at="2018-07-17T12:52:50Z">
          <params>
            <param index="0">
              <value>
                <![CDATA[5]]>
              </value>
            </param>
            <param index="1">
              <value>
                <![CDATA[8]]>
              </value>
            </param>
          </params>
          <reporter-output>
          </reporter-output>
        </test-method> <!-- rectangleSquare -->
      </class> <!-- com.epam.olga_eremkina.testng.RectangleTest -->
    </test> <!-- RectangleTest6 -->
    <test name="RectangleTest7" duration-ms="11" started-at="2018-07-17T12:52:50Z" finished-at="2018-07-17T12:52:50Z">
      <class name="com.epam.olga_eremkina.testng.RectangleTest">
        <test-method status="PASS" signature="rectangleIsQuadrate(int, int, boolean)[pri:-1, instance:com.epam.olga_eremkina.testng.RectangleTest@27c20538]" name="rectangleIsQuadrate" duration-ms="1" started-at="2018-07-17T12:52:50Z" finished-at="2018-07-17T12:52:50Z">
          <params>
            <param index="0">
              <value>
                <![CDATA[6]]>
              </value>
            </param>
            <param index="1">
              <value>
                <![CDATA[1]]>
              </value>
            </param>
            <param index="2">
              <value>
                <![CDATA[false]]>
              </value>
            </param>
          </params>
          <reporter-output>
          </reporter-output>
        </test-method> <!-- rectangleIsQuadrate -->
        <test-method status="PASS" signature="rectangleLenght(int, int)[pri:0, instance:com.epam.olga_eremkina.testng.RectangleTest@27c20538]" name="rectangleLenght" duration-ms="0" started-at="2018-07-17T12:52:50Z" finished-at="2018-07-17T12:52:50Z">
          <params>
            <param index="0">
              <value>
                <![CDATA[6]]>
              </value>
            </param>
            <param index="1">
              <value>
                <![CDATA[1]]>
              </value>
            </param>
          </params>
          <reporter-output>
          </reporter-output>
        </test-method> <!-- rectangleLenght -->
        <test-method status="FAIL" signature="rectangleSquare(int, int)[pri:1, instance:com.epam.olga_eremkina.testng.RectangleTest@27c20538]" name="rectangleSquare" duration-ms="0" started-at="2018-07-17T12:52:50Z" finished-at="2018-07-17T12:52:50Z">
          <params>
            <param index="0">
              <value>
                <![CDATA[6]]>
              </value>
            </param>
            <param index="1">
              <value>
                <![CDATA[1]]>
              </value>
            </param>
          </params>
          <exception class="java.lang.AssertionError">
            <message>
              <![CDATA[Error! The values aren't the same: expected [36.0] but found [6.0]]]>
            </message>
            <full-stacktrace>
              <![CDATA[java.lang.AssertionError: Error! The values aren't the same: expected [36.0] but found [6.0]
at org.testng.Assert.fail(Assert.java:96)
at org.testng.Assert.failNotEquals(Assert.java:776)
at org.testng.Assert.assertEqualsImpl(Assert.java:137)
at org.testng.Assert.assertEquals(Assert.java:118)
at com.epam.olga_eremkina.testng.RectangleTest.rectangleSquare(RectangleTest.java:32)
at sun.reflect.NativeMethodAccessorImpl.invoke0(Native Method)
at sun.reflect.NativeMethodAccessorImpl.invoke(NativeMethodAccessorImpl.java:62)
at sun.reflect.DelegatingMethodAccessorImpl.invoke(DelegatingMethodAccessorImpl.java:43)
at java.lang.reflect.Method.invoke(Method.java:498)
at org.testng.internal.MethodInvocationHelper.invokeMethod(MethodInvocationHelper.java:124)
at org.testng.internal.Invoker.invokeMethod(Invoker.java:583)
at org.testng.internal.Invoker.invokeTestMethod(Invoker.java:719)
at org.testng.internal.Invoker.invokeTestMethods(Invoker.java:989)
at org.testng.internal.TestMethodWorker.invokeTestMethods(TestMethodWorker.java:125)
at org.testng.internal.TestMethodWorker.run(TestMethodWorker.java:109)
at java.util.concurrent.ThreadPoolExecutor.runWorker(ThreadPoolExecutor.java:1149)
at java.util.concurrent.ThreadPoolExecutor$Worker.run(ThreadPoolExecutor.java:624)
at java.lang.Thread.run(Thread.java:748)
]]>
            </full-stacktrace>
          </exception> <!-- java.lang.AssertionError -->
          <reporter-output>
          </reporter-output>
        </test-method> <!-- rectangleSquare -->
      </class> <!-- com.epam.olga_eremkina.testng.RectangleTest -->
    </test> <!-- RectangleTest7 -->
    <test name="RectangleTest8" duration-ms="5" started-at="2018-07-17T12:52:50Z" finished-at="2018-07-17T12:52:50Z">
      <class name="com.epam.olga_eremkina.testng.RectangleTest">
        <test-method status="FAIL" signature="rectangleIsQuadrate(int, int, boolean)[pri:-1, instance:com.epam.olga_eremkina.testng.RectangleTest@13805618]" name="rectangleIsQuadrate" duration-ms="1" started-at="2018-07-17T12:52:50Z" finished-at="2018-07-17T12:52:50Z">
          <params>
            <param index="0">
              <value>
                <![CDATA[7]]>
              </value>
            </param>
            <param index="1">
              <value>
                <![CDATA[9]]>
              </value>
            </param>
            <param index="2">
              <value>
                <![CDATA[false]]>
              </value>
            </param>
          </params>
          <exception class="java.lang.AssertionError">
            <message>
              <![CDATA[Error! The values aren't the same: expected [true] but found [false]]]>
            </message>
            <full-stacktrace>
              <![CDATA[java.lang.AssertionError: Error! The values aren't the same: expected [true] but found [false]
at org.testng.Assert.fail(Assert.java:96)
at org.testng.Assert.failNotEquals(Assert.java:776)
at org.testng.Assert.assertEqualsImpl(Assert.java:137)
at org.testng.Assert.assertEquals(Assert.java:118)
at org.testng.Assert.assertEquals(Assert.java:568)
at com.epam.olga_eremkina.testng.RectangleTest.rectangleIsQuadrate(RectangleTest.java:55)
at sun.reflect.NativeMethodAccessorImpl.invoke0(Native Method)
at sun.reflect.NativeMethodAccessorImpl.invoke(NativeMethodAccessorImpl.java:62)
at sun.reflect.DelegatingMethodAccessorImpl.invoke(DelegatingMethodAccessorImpl.java:43)
at java.lang.reflect.Method.invoke(Method.java:498)
at org.testng.internal.MethodInvocationHelper.invokeMethod(MethodInvocationHelper.java:124)
at org.testng.internal.Invoker.invokeMethod(Invoker.java:583)
at org.testng.internal.Invoker.invokeTestMethod(Invoker.java:719)
at org.testng.internal.Invoker.invokeTestMethods(Invoker.java:989)
at org.testng.internal.TestMethodWorker.invokeTestMethods(TestMethodWorker.java:125)
at org.testng.internal.TestMethodWorker.run(TestMethodWorker.java:109)
at java.util.concurrent.ThreadPoolExecutor.runWorker(ThreadPoolExecutor.java:1149)
at java.util.concurrent.ThreadPoolExecutor$Worker.run(ThreadPoolExecutor.java:624)
at java.lang.Thread.run(Thread.java:748)
]]>
            </full-stacktrace>
          </exception> <!-- java.lang.AssertionError -->
          <reporter-output>
          </reporter-output>
        </test-method> <!-- rectangleIsQuadrate -->
        <test-method status="PASS" signature="rectangleLenght(int, int)[pri:0, instance:com.epam.olga_eremkina.testng.RectangleTest@13805618]" name="rectangleLenght" duration-ms="0" started-at="2018-07-17T12:52:50Z" finished-at="2018-07-17T12:52:50Z">
          <params>
            <param index="0">
              <value>
                <![CDATA[7]]>
              </value>
            </param>
            <param index="1">
              <value>
                <![CDATA[9]]>
              </value>
            </param>
          </params>
          <reporter-output>
          </reporter-output>
        </test-method> <!-- rectangleLenght -->
        <test-method status="PASS" signature="rectangleSquare(int, int)[pri:1, instance:com.epam.olga_eremkina.testng.RectangleTest@13805618]" name="rectangleSquare" duration-ms="0" started-at="2018-07-17T12:52:50Z" finished-at="2018-07-17T12:52:50Z">
          <params>
            <param index="0">
              <value>
                <![CDATA[7]]>
              </value>
            </param>
            <param index="1">
              <value>
                <![CDATA[9]]>
              </value>
            </param>
          </params>
          <reporter-output>
          </reporter-output>
        </test-method> <!-- rectangleSquare -->
      </class> <!-- com.epam.olga_eremkina.testng.RectangleTest -->
    </test> <!-- RectangleTest8 -->
    <test name="RectangleTest9" duration-ms="4" started-at="2018-07-17T12:52:50Z" finished-at="2018-07-17T12:52:50Z">
      <class name="com.epam.olga_eremkina.testng.RectangleTest">
        <test-method status="PASS" signature="rectangleIsQuadrate(int, int, boolean)[pri:-1, instance:com.epam.olga_eremkina.testng.RectangleTest@69ea3742]" name="rectangleIsQuadrate" duration-ms="0" started-at="2018-07-17T12:52:50Z" finished-at="2018-07-17T12:52:50Z">
          <params>
            <param index="0">
              <value>
                <![CDATA[9]]>
              </value>
            </param>
            <param index="1">
              <value>
                <![CDATA[-5]]>
              </value>
            </param>
            <param index="2">
              <value>
                <![CDATA[false]]>
              </value>
            </param>
          </params>
          <reporter-output>
          </reporter-output>
        </test-method> <!-- rectangleIsQuadrate -->
        <test-method status="PASS" signature="rectangleLenght(int, int)[pri:0, instance:com.epam.olga_eremkina.testng.RectangleTest@69ea3742]" name="rectangleLenght" duration-ms="1" started-at="2018-07-17T12:52:50Z" finished-at="2018-07-17T12:52:50Z">
          <params>
            <param index="0">
              <value>
                <![CDATA[9]]>
              </value>
            </param>
            <param index="1">
              <value>
                <![CDATA[-5]]>
              </value>
            </param>
          </params>
          <reporter-output>
          </reporter-output>
        </test-method> <!-- rectangleLenght -->
        <test-method status="FAIL" signature="rectangleSquare(int, int)[pri:1, instance:com.epam.olga_eremkina.testng.RectangleTest@69ea3742]" name="rectangleSquare" duration-ms="1" started-at="2018-07-17T12:52:50Z" finished-at="2018-07-17T12:52:50Z">
          <params>
            <param index="0">
              <value>
                <![CDATA[9]]>
              </value>
            </param>
            <param index="1">
              <value>
                <![CDATA[-5]]>
              </value>
            </param>
          </params>
          <exception class="java.lang.AssertionError">
            <message>
              <![CDATA[Error! The values aren't the same: expected [81.0] but found [45.0]]]>
            </message>
            <full-stacktrace>
              <![CDATA[java.lang.AssertionError: Error! The values aren't the same: expected [81.0] but found [45.0]
at org.testng.Assert.fail(Assert.java:96)
at org.testng.Assert.failNotEquals(Assert.java:776)
at org.testng.Assert.assertEqualsImpl(Assert.java:137)
at org.testng.Assert.assertEquals(Assert.java:118)
at com.epam.olga_eremkina.testng.RectangleTest.rectangleSquare(RectangleTest.java:32)
at sun.reflect.NativeMethodAccessorImpl.invoke0(Native Method)
at sun.reflect.NativeMethodAccessorImpl.invoke(NativeMethodAccessorImpl.java:62)
at sun.reflect.DelegatingMethodAccessorImpl.invoke(DelegatingMethodAccessorImpl.java:43)
at java.lang.reflect.Method.invoke(Method.java:498)
at org.testng.internal.MethodInvocationHelper.invokeMethod(MethodInvocationHelper.java:124)
at org.testng.internal.Invoker.invokeMethod(Invoker.java:583)
at org.testng.internal.Invoker.invokeTestMethod(Invoker.java:719)
at org.testng.internal.Invoker.invokeTestMethods(Invoker.java:989)
at org.testng.internal.TestMethodWorker.invokeTestMethods(TestMethodWorker.java:125)
at org.testng.internal.TestMethodWorker.run(TestMethodWorker.java:109)
at java.util.concurrent.ThreadPoolExecutor.runWorker(ThreadPoolExecutor.java:1149)
at java.util.concurrent.ThreadPoolExecutor$Worker.run(ThreadPoolExecutor.java:624)
at java.lang.Thread.run(Thread.java:748)
]]>
            </full-stacktrace>
          </exception> <!-- java.lang.AssertionError -->
          <reporter-output>
          </reporter-output>
        </test-method> <!-- rectangleSquare -->
      </class> <!-- com.epam.olga_eremkina.testng.RectangleTest -->
    </test> <!-- RectangleTest9 -->
    <test name="RectangleTest10" duration-ms="4" started-at="2018-07-17T12:52:50Z" finished-at="2018-07-17T12:52:50Z">
      <class name="com.epam.olga_eremkina.testng.RectangleTest">
        <test-method status="PASS" signature="rectangleIsQuadrate(int, int, boolean)[pri:-1, instance:com.epam.olga_eremkina.testng.RectangleTest@6adede5]" name="rectangleIsQuadrate" duration-ms="0" started-at="2018-07-17T12:52:50Z" finished-at="2018-07-17T12:52:50Z">
          <params>
            <param index="0">
              <value>
                <![CDATA[-5]]>
              </value>
            </param>
            <param index="1">
              <value>
                <![CDATA[3]]>
              </value>
            </param>
            <param index="2">
              <value>
                <![CDATA[false]]>
              </value>
            </param>
          </params>
          <reporter-output>
          </reporter-output>
        </test-method> <!-- rectangleIsQuadrate -->
        <test-method status="PASS" signature="rectangleLenght(int, int)[pri:0, instance:com.epam.olga_eremkina.testng.RectangleTest@6adede5]" name="rectangleLenght" duration-ms="0" started-at="2018-07-17T12:52:50Z" finished-at="2018-07-17T12:52:50Z">
          <params>
            <param index="0">
              <value>
                <![CDATA[-5]]>
              </value>
            </param>
            <param index="1">
              <value>
                <![CDATA[3]]>
              </value>
            </param>
          </params>
          <reporter-output>
          </reporter-output>
        </test-method> <!-- rectangleLenght -->
        <test-method status="FAIL" signature="rectangleSquare(int, int)[pri:1, instance:com.epam.olga_eremkina.testng.RectangleTest@6adede5]" name="rectangleSquare" duration-ms="1" started-at="2018-07-17T12:52:50Z" finished-at="2018-07-17T12:52:50Z">
          <params>
            <param index="0">
              <value>
                <![CDATA[-5]]>
              </value>
            </param>
            <param index="1">
              <value>
                <![CDATA[3]]>
              </value>
            </param>
          </params>
          <exception class="java.lang.AssertionError">
            <message>
              <![CDATA[Error! The values aren't the same: expected [25.0] but found [15.0]]]>
            </message>
            <full-stacktrace>
              <![CDATA[java.lang.AssertionError: Error! The values aren't the same: expected [25.0] but found [15.0]
at org.testng.Assert.fail(Assert.java:96)
at org.testng.Assert.failNotEquals(Assert.java:776)
at org.testng.Assert.assertEqualsImpl(Assert.java:137)
at org.testng.Assert.assertEquals(Assert.java:118)
at com.epam.olga_eremkina.testng.RectangleTest.rectangleSquare(RectangleTest.java:32)
at sun.reflect.NativeMethodAccessorImpl.invoke0(Native Method)
at sun.reflect.NativeMethodAccessorImpl.invoke(NativeMethodAccessorImpl.java:62)
at sun.reflect.DelegatingMethodAccessorImpl.invoke(DelegatingMethodAccessorImpl.java:43)
at java.lang.reflect.Method.invoke(Method.java:498)
at org.testng.internal.MethodInvocationHelper.invokeMethod(MethodInvocationHelper.java:124)
at org.testng.internal.Invoker.invokeMethod(Invoker.java:583)
at org.testng.internal.Invoker.invokeTestMethod(Invoker.java:719)
at org.testng.internal.Invoker.invokeTestMethods(Invoker.java:989)
at org.testng.internal.TestMethodWorker.invokeTestMethods(TestMethodWorker.java:125)
at org.testng.internal.TestMethodWorker.run(TestMethodWorker.java:109)
at java.util.concurrent.ThreadPoolExecutor.runWorker(ThreadPoolExecutor.java:1149)
at java.util.concurrent.ThreadPoolExecutor$Worker.run(ThreadPoolExecutor.java:624)
at java.lang.Thread.run(Thread.java:748)
]]>
            </full-stacktrace>
          </exception> <!-- java.lang.AssertionError -->
          <reporter-output>
          </reporter-output>
        </test-method> <!-- rectangleSquare -->
      </class> <!-- com.epam.olga_eremkina.testng.RectangleTest -->
    </test> <!-- RectangleTest10 -->
    <test name="RectangleTest11" duration-ms="15" started-at="2018-07-17T12:52:50Z" finished-at="2018-07-17T12:52:50Z">
      <class name="com.epam.olga_eremkina.testng.RectangleTest">
        <test-method status="PASS" signature="rectangleIsQuadrate(int, int, boolean)[pri:-1, instance:com.epam.olga_eremkina.testng.RectangleTest@64bf3bbf]" name="rectangleIsQuadrate" duration-ms="0" started-at="2018-07-17T12:52:50Z" finished-at="2018-07-17T12:52:50Z">
          <params>
            <param index="0">
              <value>
                <![CDATA[-8]]>
              </value>
            </param>
            <param index="1">
              <value>
                <![CDATA[-6]]>
              </value>
            </param>
            <param index="2">
              <value>
                <![CDATA[false]]>
              </value>
            </param>
          </params>
          <reporter-output>
          </reporter-output>
        </test-method> <!-- rectangleIsQuadrate -->
        <test-method status="PASS" signature="rectangleLenght(int, int)[pri:0, instance:com.epam.olga_eremkina.testng.RectangleTest@64bf3bbf]" name="rectangleLenght" duration-ms="1" started-at="2018-07-17T12:52:50Z" finished-at="2018-07-17T12:52:50Z">
          <params>
            <param index="0">
              <value>
                <![CDATA[-8]]>
              </value>
            </param>
            <param index="1">
              <value>
                <![CDATA[-6]]>
              </value>
            </param>
          </params>
          <reporter-output>
          </reporter-output>
        </test-method> <!-- rectangleLenght -->
        <test-method status="FAIL" signature="rectangleSquare(int, int)[pri:1, instance:com.epam.olga_eremkina.testng.RectangleTest@64bf3bbf]" name="rectangleSquare" duration-ms="2" started-at="2018-07-17T12:52:50Z" finished-at="2018-07-17T12:52:50Z">
          <params>
            <param index="0">
              <value>
                <![CDATA[-8]]>
              </value>
            </param>
            <param index="1">
              <value>
                <![CDATA[-6]]>
              </value>
            </param>
          </params>
          <exception class="java.lang.AssertionError">
            <message>
              <![CDATA[Error! The values aren't the same: expected [64.0] but found [48.0]]]>
            </message>
            <full-stacktrace>
              <![CDATA[java.lang.AssertionError: Error! The values aren't the same: expected [64.0] but found [48.0]
at org.testng.Assert.fail(Assert.java:96)
at org.testng.Assert.failNotEquals(Assert.java:776)
at org.testng.Assert.assertEqualsImpl(Assert.java:137)
at org.testng.Assert.assertEquals(Assert.java:118)
at com.epam.olga_eremkina.testng.RectangleTest.rectangleSquare(RectangleTest.java:32)
at sun.reflect.NativeMethodAccessorImpl.invoke0(Native Method)
at sun.reflect.NativeMethodAccessorImpl.invoke(NativeMethodAccessorImpl.java:62)
at sun.reflect.DelegatingMethodAccessorImpl.invoke(DelegatingMethodAccessorImpl.java:43)
at java.lang.reflect.Method.invoke(Method.java:498)
at org.testng.internal.MethodInvocationHelper.invokeMethod(MethodInvocationHelper.java:124)
at org.testng.internal.Invoker.invokeMethod(Invoker.java:583)
at org.testng.internal.Invoker.invokeTestMethod(Invoker.java:719)
at org.testng.internal.Invoker.invokeTestMethods(Invoker.java:989)
[...]
              </value>
            </param>
            <param index="1">
              <value>
                <![CDATA[12]]>
              </value>
            </param>
          </params>
          <reporter-output>
          </reporter-output>
        </test-method> <!-- rectangleLenght -->
        <test-method status="PASS" signature="rectangleSquare(int, int)[pri:1, instance:com.epam.olga_eremkina.testng.RectangleTest@617faa95]" name="rectangleSquare" duration-ms="0" started-at="2018-07-17T12:52:50Z" finished-at="2018-07-17T12:52:50Z">
          <params>
            <param index="0">
              <value>
                <![CDATA[10]]>
              </value>
            </param>
            <param index="1">
              <value>
                <![CDATA[12]]>
              </value>
            </param>
          </params>
          <reporter-output>
          </reporter-output>
        </test-method> <!-- rectangleSquare -->
      </class> <!-- com.epam.olga_eremkina.testng.RectangleTest -->
    </test> <!-- RectangleTest12 -->
    <test name="RectangleTest13" duration-ms="8" started-at="2018-07-17T12:52:50Z" finished-at="2018-07-17T12:52:50Z">
      <class name="com.epam.olga_eremkina.testng.RectangleTest">
        <test-method status="FAIL" signature="rectangleIsQuadrate(int, int, boolean)[pri:-1, instance:com.epam.olga_eremkina.testng.RectangleTest@31610302]" name="rectangleIsQuadrate" duration-ms="0" started-at="2018-07-17T12:52:50Z" finished-at="2018-07-17T12:52:50Z">
          <params>
            <param index="0">
              <value>
                <![CDATA[-52]]>
              </value>
            </param>
            <param index="1">
              <value>
                <![CDATA[78]]>
              </value>
            </param>
            <param index="2">
              <value>
                <![CDATA[false]]>
              </value>
            </param>
          </params>
          <exception class="java.lang.AssertionError">
            <message>
              <![CDATA[Error! The values aren't the same: expected [true] but found [false]]]>
            </message>
            <full-stacktrace>
              <![CDATA[java.lang.AssertionError: Error! The values aren't the same: expected [true] but found [false]
at org.testng.Assert.fail(Assert.java:96)
at org.testng.Assert.failNotEquals(Assert.java:776)
at org.testng.Assert.assertEqualsImpl(Assert.java:137)
at org.testng.Assert.assertEquals(Assert.java:118)
at org.testng.Assert.assertEquals(Assert.java:568)
at com.epam.olga_eremkina.testng.RectangleTest.rectangleIsQuadrate(RectangleTest.java:55)
at sun.reflect.NativeMethodAccessorImpl.invoke0(Native Method)
at sun.reflect.NativeMethodAccessorImpl.invoke(NativeMethodAccessorImpl.java:62)
at sun.reflect.DelegatingMethodAccessorImpl.invoke(DelegatingMethodAccessorImpl.java:43)
at java.lang.reflect.Method.invoke(Method.java:498)
at org.testng.internal.MethodInvocationHelper.invokeMethod(MethodInvocationHelper.java:124)
at org.testng.internal.Invoker.invokeMethod(Invoker.java:583)
at org.testng.internal.Invoker.invokeTestMethod(Invoker.java:719)
at org.testng.internal.Invoker.invokeTestMethods(Invoker.java:989)
at org.testng.internal.TestMethodWorker.invokeTestMethods(TestMethodWorker.java:125)
at org.testng.internal.TestMethodWorker.run(TestMethodWorker.java:109)
at java.util.concurrent.ThreadPoolExecutor.runWorker(ThreadPoolExecutor.java:1149)
at java.util.concurrent.ThreadPoolExecutor$Worker.run(ThreadPoolExecutor.java:624)
at java.lang.Thread.run(Thread.java:748)
]]>
            </full-stacktrace>
          </exception> <!-- java.lang.AssertionError -->
          <reporter-output>
          </reporter-output>
        </test-method> <!-- rectangleIsQuadrate -->
        <test-method status="PASS" signature="rectangleSquare(int, int)[pri:1, instance:com.epam.olga_eremkina.testng.RectangleTest@31610302]" name="rectangleSquare" duration-ms="2" started-at="2018-07-17T12:52:50Z" finished-at="2018-07-17T12:52:50Z">
          <params>
            <param index="0">
              <value>
                <![CDATA[-52]]>
              </value>
            </param>
            <param index="1">
              <value>
                <![CDATA[78]]>
              </value>
            </param>
          </params>
          <reporter-output>
          </reporter-output>
        </test-method> <!-- rectangleSquare -->
        <test-method status="PASS" signature="rectangleLenght(int, int)[pri:0, instance:com.epam.olga_eremkina.testng.RectangleTest@31610302]" name="rectangleLenght" duration-ms="0" started-at="2018-07-17T12:52:50Z" finished-at="2018-07-17T12:52:50Z">
          <params>
            <param index="0">
              <value>
                <![CDATA[-52]]>
              </value>
            </param>
            <param index="1">
              <value>
                <![CDATA[78]]>
              </value>
            </param>
          </params>
          <reporter-output>
          </reporter-output>
        </test-method> <!-- rectangleLenght -->
      </class> <!-- com.epam.olga_eremkina.testng.RectangleTest -->
    </test> <!-- RectangleTest13 -->
    <test name="RectangleTest14" duration-ms="7" started-at="2018-07-17T12:52:50Z" finished-at="2018-07-17T12:52:50Z">
      <class name="com.epam.olga_eremkina.testng.RectangleTest">
        <test-method status="PASS" signature="rectangleIsQuadrate(int, int, boolean)[pri:-1, instance:com.epam.olga_eremkina.testng.RectangleTest@52a86356]" name="rectangleIsQuadrate" duration-ms="1" started-at="2018-07-17T12:52:50Z" finished-at="2018-07-17T12:52:50Z">
          <params>
            <param index="0">
              <value>
                <![CDATA[3]]>
              </value>
            </param>
            <param index="1">
              <value>
                <![CDATA[3]]>
              </value>
            </param>
            <param index="2">
              <value>
                <![CDATA[true]]>
              </value>
            </param>
          </params>
          <reporter-output>
          </reporter-output>
        </test-method> <!-- rectangleIsQuadrate -->
        <test-method status="PASS" signature="rectangleLenght(int, int)[pri:0, instance:com.epam.olga_eremkina.testng.RectangleTest@52a86356]" name="rectangleLenght" duration-ms="0" started-at="2018-07-17T12:52:50Z" finished-at="2018-07-17T12:52:50Z">
          <params>
            <param index="0">
              <value>
                <![CDATA[3]]>
              </value>
            </param>
            <param index="1">
              <value>
                <![CDATA[3]]>
              </value>
            </param>
          </params>
          <reporter-output>
          </reporter-output>
        </test-method> <!-- rectangleLenght -->
        <test-method status="PASS" signature="rectangleSquare(int, int)[pri:1, instance:com.epam.olga_eremkina.testng.RectangleTest@52a86356]" name="rectangleSquare" duration-ms="1" started-at="2018-07-17T12:52:50Z" finished-at="2018-07-17T12:52:50Z">
          <params>
            <param index="0">
              <value>
                <![CDATA[3]]>
              </value>
            </param>
            <param index="1">
              <value>
                <![CDATA[3]]>
              </value>
            </param>
          </params>
          <reporter-output>
          </reporter-output>
        </test-method> <!-- rectangleSquare -->
      </class> <!-- com.epam.olga_eremkina.testng.RectangleTest -->
    </test> <!-- RectangleTest14 -->
    <test name="RectangleTest15" duration-ms="5" started-at="2018-07-17T12:52:50Z" finished-at="2018-07-17T12:52:50Z">
      <class name="com.epam.olga_eremkina.testng.RectangleTest">
        <test-method status="PASS" signature="rectangleIsQuadrate(int, int, boolean)[pri:-1, instance:com.epam.olga_eremkina.testng.RectangleTest@20398b7c]" name="rectangleIsQuadrate" duration-ms="1" started-at="2018-07-17T12:52:50Z" finished-at="2018-07-17T12:52:50Z">
          <params>
            <param index="0">
              <value>
                <![CDATA[6]]>
              </value>
            </param>
            <param index="1">
              <value>
                <![CDATA[6]]>
              </value>
            </param>
            <param index="2">
              <value>
                <![CDATA[true]]>
              </value>
            </param>
          </params>
          <reporter-output>
          </reporter-output>
        </test-method> <!-- rectangleIsQuadrate -->
        <test-method status="PASS" signature="rectangleLenght(int, int)[pri:0, instance:com.epam.olga_eremkina.testng.RectangleTest@20398b7c]" name="rectangleLenght" duration-ms="1" started-at="2018-07-17T12:52:50Z" finished-at="2018-07-17T12:52:50Z">
          <params>
            <param index="0">
              <value>
                <![CDATA[6]]>
              </value>
            </param>
            <param index="1">
              <value>
                <![CDATA[6]]>
              </value>
            </param>
          </params>
          <reporter-output>
          </reporter-output>
        </test-method> <!-- rectangleLenght -->
        <test-method status="PASS" signature="rectangleSquare(int, int)[pri:1, instance:com.epam.olga_eremkina.testng.RectangleTest@20398b7c]" name="rectangleSquare" duration-ms="1" started-at="2018-07-17T12:52:50Z" finished-at="2018-07-17T12:52:50Z">
          <params>
            <param index="0">
              <value>
                <![CDATA[6]]>
              </value>
            </param>
            <param index="1">
              <value>
                <![CDATA[6]]>
              </value>
            </param>
          </params>
          <reporter-output>
          </reporter-output>
        </test-method> <!-- rectangleSquare -->
      </class> <!-- com.epam.olga_eremkina.testng.RectangleTest -->
    </test> <!-- RectangleTest15 -->
    <test name="RectangleTest16" duration-ms="3" started-at="2018-07-17T12:52:50Z" finished-at="2018-07-17T12:52:50Z">
      <class name="com.epam.olga_eremkina.testng.RectangleTest">
        <test-method status="PASS" signature="rectangleIsQuadrate(int, int, boolean)[pri:-1, instance:com.epam.olga_eremkina.testng.RectangleTest@527740a2]" name="rectangleIsQuadrate" duration-ms="0" started-at="2018-07-17T12:52:50Z" finished-at="2018-07-17T12:52:50Z">
          <params>
            <param index="0">
              <value>
                <![CDATA[8]]>
              </value>
            </param>
            <param index="1">
              <value>
                <![CDATA[8]]>
              </value>
            </param>
            <param index="2">
              <value>
                <![CDATA[true]]>
              </value>
            </param>
          </params>
          <reporter-output>
          </reporter-output>
        </test-method> <!-- rectangleIsQuadrate -->
        <test-method status="PASS" signature="rectangleLenght(int, int)[pri:0, instance:com.epam.olga_eremkina.testng.RectangleTest@527740a2]" name="rectangleLenght" duration-ms="0" started-at="2018-07-17T12:52:50Z" finished-at="2018-07-17T12:52:50Z">
          <params>
            <param index="0">
              <value>
                <![CDATA[8]]>
              </value>
            </param>
            <param index="1">
              <value>
                <![CDATA[8]]>
              </value>
            </param>
          </params>
          <reporter-output>
          </reporter-output>
        </test-method> <!-- rectangleLenght -->
        <test-method status="PASS" signature="rectangleSquare(int, int)[pri:1, instance:com.epam.olga_eremkina.testng.RectangleTest@527740a2]" name="rectangleSquare" duration-ms="0" started-at="2018-07-17T12:52:50Z" finished-at="2018-07-17T12:52:50Z">
          <params>
            <param index="0">
              <value>
                <![CDATA[8]]>
              </value>
            </param>
            <param index="1">
              <value>
                <![CDATA[8]]>
              </value>
            </param>
          </params>
          <reporter-output>
          </reporter-output>
        </test-method> <!-- rectangleSquare -->
      </class> <!-- com.epam.olga_eremkina.testng.RectangleTest -->
    </test> <!-- RectangleTest16 -->
    <test name="RectangleTest17" duration-ms="5" started-at="2018-07-17T12:52:51Z" finished-at="2018-07-17T12:52:51Z">
      <class name="com.epam.olga_eremkina.testng.RectangleTest">
        <test-method status="PASS" signature="rectangleIsQuadrate(int, int, boolean)[pri:-1, instance:com.epam.olga_eremkina.testng.RectangleTest@6536e911]" name="rectangleIsQuadrate" duration-ms="1" started-at="2018-07-17T12:52:51Z" finished-at="2018-07-17T12:52:51Z">
          <params>
            <param index="0">
              <value>
                <![CDATA[-4]]>
              </value>
            </param>
            <param index="1">
              <value>
                <![CDATA[-4]]>
              </value>
            </param>
            <param index="2">
              <value>
                <![CDATA[true]]>
              </value>
            </param>
          </params>
          <reporter-output>
          </reporter-output>
        </test-method> <!-- rectangleIsQuadrate -->
        <test-method status="PASS" signature="rectangleLenght(int, int)[pri:0, instance:com.epam.olga_eremkina.testng.RectangleTest@6536e911]" name="rectangleLenght" duration-ms="1" started-at="2018-07-17T12:52:51Z" finished-at="2018-07-17T12:52:51Z">
          <params>
            <param index="0">
              <value>
                <![CDATA[-4]]>
              </value>
            </param>
            <param index="1">
              <value>
                <![CDATA[-4]]>
              </value>
            </param>
          </params>
          <reporter-output>
          </reporter-output>
        </test-method> <!-- rectangleLenght -->
        <test-method status="PASS" signature="rectangleSquare(int, int)[pri:1, instance:com.epam.olga_eremkina.testng.RectangleTest@6536e911]" name="rectangleSquare" duration-ms="1" started-at="2018-07-17T12:52:51Z" finished-at="2018-07-17T12:52:51Z">
          <params>
            <param index="0">
              <value>
                <![CDATA[-4]]>
              </value>
            </param>
            <param index="1">
              <value>
                <![CDATA[-4]]>
              </value>
            </param>
          </params>
          <reporter-output>
          </reporter-output>
        </test-method> <!-- rectangleSquare -->
      </class> <!-- com.epam.olga_eremkina.testng.RectangleTest -->
    </test> <!-- RectangleTest17 -->
    <test name="RectangleTest18" duration-ms="3" started-at="2018-07-17T12:52:51Z" finished-at="2018-07-17T12:52:51Z">
      <class name="com.epam.olga_eremkina.testng.RectangleTest">
        <test-method status="PASS" signature="rectangleIsQuadrate(int, int, boolean)[pri:-1, instance:com.epam.olga_eremkina.testng.RectangleTest@67784306]" name="rectangleIsQuadrate" duration-ms="0" started-at="2018-07-17T12:52:51Z" finished-at="2018-07-17T12:52:51Z">
          <params>
            <param index="0">
              <value>
                <![CDATA[-10]]>
              </value>
            </param>
            <param index="1">
              <value>
                <![CDATA[10]]>
              </value>
            </param>
            <param index="2">
              <value>
                <![CDATA[true]]>
              </value>
            </param>
          </params>
          <reporter-output>
          </reporter-output>
        </test-method> <!-- rectangleIsQuadrate -->
        <test-method status="PASS" signature="rectangleLenght(int, int)[pri:0, instance:com.epam.olga_eremkina.testng.RectangleTest@67784306]" name="rectangleLenght" duration-ms="0" started-at="2018-07-17T12:52:51Z" finished-at="2018-07-17T12:52:51Z">
          <params>
            <param index="0">
              <value>
                <![CDATA[-10]]>
              </value>
            </param>
            <param index="1">
              <value>
                <![CDATA[10]]>
              </value>
            </param>
          </params>
          <reporter-output>
          </reporter-output>
        </test-method> <!-- rectangleLenght -->
        <test-method status="PASS" signature="rectangleSquare(int, int)[pri:1, instance:com.epam.olga_eremkina.testng.RectangleTest@67784306]" name="rectangleSquare" duration-ms="0" started-at="2018-07-17T12:52:51Z" finished-at="2018-07-17T12:52:51Z">
          <params>
            <param index="0">
              <value>
                <![CDATA[-10]]>
              </value>
            </param>
            <param index="1">
              <value>
                <![CDATA[10]]>
              </value>
            </param>
          </params>
          <reporter-output>
          </reporter-output>
        </test-method> <!-- rectangleSquare -->
      </class> <!-- com.epam.olga_eremkina.testng.RectangleTest -->
    </test> <!-- RectangleTest18 -->
    <test name="RectangleTest19" duration-ms="3" started-at="2018-07-17T12:52:51Z" finished-at="2018-07-17T12:52:51Z">
      <class name="com.epam.olga_eremkina.testng.RectangleTest">
        <test-method status="PASS" signature="rectangleIsQuadrate(int, int, boolean)[pri:-1, instance:com.epam.olga_eremkina.testng.RectangleTest@3b0143d3]" name="rectangleIsQuadrate" duration-ms="0" started-at="2018-07-17T12:52:51Z" finished-at="2018-07-17T12:52:51Z">
          <params>
            <param index="0">
              <value>
                <![CDATA[5]]>
              </value>
            </param>
            <param index="1">
              <value>
                <![CDATA[5]]>
              </value>
            </param>
            <param index="2">
              <value>
                <![CDATA[true]]>
              </value>
            </param>
          </params>
          <reporter-output>
          </reporter-output>
        </test-method> <!-- rectangleIsQuadrate -->
        <test-method status="PASS" signature="rectangleSquare(int, int)[pri:1, instance:com.epam.olga_eremkina.testng.RectangleTest@3b0143d3]" name="rectangleSquare" duration-ms="1" started-at="2018-07-17T12:52:51Z" finished-at="2018-07-17T12:52:51Z">
          <params>
            <param index="0">
              <value>
                <![CDATA[5]]>
              </value>
            </param>
            <param index="1">
              <value>
                <![CDATA[5]]>
              </value>
            </param>
          </params>
          <reporter-output>
          </reporter-output>
        </test-method> <!-- rectangleSquare -->
        <test-method status="PASS" signature="rectangleLenght(int, int)[pri:0, instance:com.epam.olga_eremkina.testng.RectangleTest@3b0143d3]" name="rectangleLenght" duration-ms="0" started-at="2018-07-17T12:52:51Z" finished-at="2018-07-17T12:52:51Z">
          <params>
            <param index="0">
              <value>
                <![CDATA[5]]>
              </value>
            </param>
            <param index="1">
              <value>
                <![CDATA[5]]>
              </value>
            </param>
          </params>
          <reporter-output>
          </reporter-output>
        </test-method> <!-- rectangleLenght -->
      </class> <!-- com.epam.olga_eremkina.testng.RectangleTest -->
    </test> <!-- RectangleTest19 -->
  </suite> <!-- Suite -->
</testng-results>
