<?xml version="1.0" encoding="UTF-8"?>
<testsuite name="VerifyLoggingAndReportsTest"
           tests="2"
           failures="0"
           errors="0"
           skipped="0"
           time="0.010">
  <properties />
  
  
            <testcase name="checkPunchesSavedSuccessfullyTest" time="0.007" classname="test.java.someArea.VerifyLoggingAndReportsTest" />
                <testcase name="checkTrueIsTrueTest" time="0.003" classname="test.java.someArea.VerifyLoggingAndReportsTest" />
      
</testsuite>
