<?xml version="1.0" encoding="UTF-8"?>
<!-- Generated by org.testng.reporters.JUnitXMLReporter -->
<testsuite hostname="EPRURYAW0080" ignored="0" name="Default test" tests="2" failures="0" timestamp="12 Jul 2018 13:38:11 GMT" time="0.042" errors="0">
  <testcase name="checkPunchesSavedSuccessfullyTest" time="0.006" classname="test.java.someArea.VerifyLoggingAndReportsTest"/>
  <testcase name="checkTrueIsTrueTest" time="0.001" classname="test.java.someArea.VerifyLoggingAndReportsTest"/>
</testsuite> <!-- Default test -->
